<?xml version="1.0" encoding="UTF-8"?>
<coverage generated="1532543470896" clover="3.2.0">
  <project timestamp="1532543470897" name="All files">
    <metrics statements="313" coveredstatements="94" conditionals="383" coveredconditionals="1" methods="173" coveredmethods="15" elements="869" coveredelements="110" complexity="0" loc="313" ncloc="313" packages="7" files="41" classes="41">
      <package name="src">
        <metrics statements="97" coveredstatements="14" conditionals="109" coveredconditionals="0" methods="58" coveredmethods="4"/>
        <file name="Mure.js" path="/media/data/Repositories/mure-library/src/Mure.js">
          <metrics statements="44" coveredstatements="4" conditionals="55" coveredconditionals="0" methods="27" coveredmethods="3"/>
          <line num="99" count="1" type="stmt"/>
          <line num="113" count="6" type="stmt"/>
          <line num="161" count="1" type="stmt"/>
          <line num="162" count="1" type="stmt"/>
          <line num="164" count="0" type="stmt"/>
          <line num="176" count="0" type="stmt"/>
          <line num="180" count="0" type="stmt"/>
          <line num="184" count="0" type="stmt"/>
          <line num="229" count="0" type="stmt"/>
          <line num="230" count="0" type="stmt"/>
          <line num="234" count="0" type="stmt"/>
          <line num="238" count="0" type="stmt"/>
          <line num="268" count="0" type="stmt"/>
          <line num="295" count="0" type="stmt"/>
          <line num="300" count="0" type="stmt"/>
          <line num="301" count="0" type="stmt"/>
          <line num="302" count="0" type="stmt"/>
          <line num="303" count="0" type="stmt"/>
          <line num="315" count="0" type="stmt"/>
          <line num="325" count="0" type="stmt"/>
          <line num="347" count="0" type="stmt"/>
          <line num="350" count="0" type="stmt"/>
          <line num="352" count="0" type="stmt"/>
          <line num="364" count="0" type="stmt"/>
          <line num="365" count="0" type="stmt"/>
          <line num="375" count="0" type="stmt"/>
          <line num="382" count="0" type="cond" truecount="0" falsecount="3"/>
          <line num="383" count="0" type="stmt"/>
          <line num="398" count="0" type="stmt"/>
          <line num="413" count="0" type="stmt"/>
          <line num="415" count="0" type="stmt"/>
          <line num="420" count="0" type="stmt"/>
          <line num="428" count="0" type="stmt"/>
          <line num="438" count="0" type="stmt"/>
          <line num="442" count="0" type="cond" truecount="0" falsecount="2"/>
          <line num="452" count="0" type="stmt"/>
          <line num="453" count="0" type="stmt"/>
          <line num="458" count="0" type="stmt"/>
          <line num="462" count="0" type="stmt"/>
          <line num="470" count="0" type="stmt"/>
          <line num="481" count="0" type="stmt"/>
          <line num="505" count="0" type="stmt"/>
          <line num="544" count="0" type="stmt"/>
          <line num="562" count="0" type="cond" truecount="0" falsecount="2"/>
        </file>
        <file name="Selection.js" path="/media/data/Repositories/mure-library/src/Selection.js">
          <metrics statements="48" coveredstatements="5" conditionals="54" coveredconditionals="0" methods="30" coveredmethods="0"/>
          <line num="5" count="1" type="stmt"/>
          <line num="13" count="0" type="stmt"/>
          <line num="15" count="0" type="stmt"/>
          <line num="35" count="0" type="stmt"/>
          <line num="52" count="0" type="stmt"/>
          <line num="60" count="0" type="stmt"/>
          <line num="99" count="0" type="stmt"/>
          <line num="106" count="0" type="stmt"/>
          <line num="107" count="0" type="stmt"/>
          <line num="136" count="0" type="stmt"/>
          <line num="137" count="0" type="stmt"/>
          <line num="139" count="0" type="stmt"/>
          <line num="140" count="0" type="stmt"/>
          <line num="171" count="0" type="stmt"/>
          <line num="188" count="0" type="stmt"/>
          <line num="190" count="0" type="stmt"/>
          <line num="194" count="0" type="stmt"/>
          <line num="212" count="0" type="stmt"/>
          <line num="215" count="0" type="stmt"/>
          <line num="257" count="0" type="stmt"/>
          <line num="270" count="0" type="stmt"/>
          <line num="271" count="0" type="stmt"/>
          <line num="273" count="0" type="stmt"/>
          <line num="282" count="0" type="stmt"/>
          <line num="318" count="0" type="stmt"/>
          <line num="331" count="0" type="stmt"/>
          <line num="338" count="0" type="cond" truecount="0" falsecount="2"/>
          <line num="354" count="0" type="stmt"/>
          <line num="375" count="0" type="stmt"/>
          <line num="378" count="0" type="stmt"/>
          <line num="398" count="0" type="stmt"/>
          <line num="399" count="0" type="stmt"/>
          <line num="411" count="0" type="stmt"/>
          <line num="416" count="0" type="stmt"/>
          <line num="420" count="0" type="stmt"/>
          <line num="437" count="0" type="stmt"/>
          <line num="442" count="0" type="stmt"/>
          <line num="447" count="0" type="stmt"/>
          <line num="470" count="0" type="stmt"/>
          <line num="471" count="0" type="stmt"/>
          <line num="483" count="0" type="stmt"/>
          <line num="484" count="0" type="stmt"/>
          <line num="486" count="0" type="stmt"/>
          <line num="487" count="0" type="stmt"/>
          <line num="502" count="1" type="stmt"/>
          <line num="503" count="1" type="stmt"/>
          <line num="504" count="1" type="stmt"/>
          <line num="512" count="1" type="stmt"/>
        </file>
        <file name="main.js" path="/media/data/Repositories/mure-library/src/main.js">
          <metrics statements="5" coveredstatements="5" conditionals="0" coveredconditionals="0" methods="1" coveredmethods="1"/>
          <line num="4" count="1" type="stmt"/>
          <line num="6" count="1" type="stmt"/>
          <line num="8" count="1" type="stmt"/>
          <line num="12" count="1" type="stmt"/>
          <line num="13" count="1" type="stmt"/>
        </file>
      </package>
      <package name="src.Common">
        <metrics statements="4" coveredstatements="4" conditionals="0" coveredconditionals="0" methods="0" coveredmethods="0"/>
        <file name="Introspectable.js" path="/media/data/Repositories/mure-library/src/Common/Introspectable.js">
          <metrics statements="4" coveredstatements="4" conditionals="0" coveredconditionals="0" methods="0" coveredmethods="0"/>
          <line num="12" count="1" type="stmt"/>
          <line num="17" count="1" type="stmt"/>
          <line num="19" count="6" type="stmt"/>
          <line num="23" count="1" type="stmt"/>
        </file>
      </package>
      <package name="src.Operations">
        <metrics statements="82" coveredstatements="4" conditionals="138" coveredconditionals="0" methods="30" coveredmethods="1"/>
        <file name="AssignClassOperation.js" path="/media/data/Repositories/mure-library/src/Operations/AssignClassOperation.js">
          <metrics statements="4" coveredstatements="0" conditionals="2" coveredconditionals="0" methods="0" coveredmethods="0"/>
          <line num="9" count="0" type="stmt"/>
          <line num="10" count="0" type="stmt"/>
          <line num="34" count="0" type="stmt"/>
          <line num="35" count="0" type="stmt"/>
        </file>
        <file name="AttachOperation.js" path="/media/data/Repositories/mure-library/src/Operations/AttachOperation.js">
          <metrics statements="25" coveredstatements="1" conditionals="52" coveredconditionals="0" methods="10" coveredmethods="0"/>
          <line num="9" count="1" type="stmt"/>
          <line num="13" count="0" type="stmt"/>
          <line num="17" count="0" type="stmt"/>
          <line num="37" count="0" type="stmt"/>
          <line num="59" count="0" type="stmt"/>
          <line num="131" count="0" type="stmt"/>
          <line num="132" count="0" type="stmt"/>
          <line num="134" count="0" type="stmt"/>
          <line num="136" count="0" type="stmt"/>
          <line num="138" count="0" type="stmt"/>
          <line num="139" count="0" type="stmt"/>
          <line num="140" count="0" type="stmt"/>
          <line num="172" count="0" type="stmt"/>
          <line num="176" count="0" type="cond" truecount="0" falsecount="4"/>
          <line num="179" count="0" type="cond" truecount="0" falsecount="4"/>
          <line num="191" count="0" type="stmt"/>
          <line num="211" count="0" type="stmt"/>
          <line num="212" count="0" type="cond" truecount="0" falsecount="2"/>
          <line num="213" count="0" type="stmt"/>
          <line num="214" count="0" type="stmt"/>
          <line num="215" count="0" type="cond" truecount="0" falsecount="2"/>
          <line num="216" count="0" type="stmt"/>
          <line num="217" count="0" type="stmt"/>
          <line num="236" count="0" type="stmt"/>
          <line num="261" count="0" type="stmt"/>
        </file>
        <file name="ConnectOperation.js" path="/media/data/Repositories/mure-library/src/Operations/ConnectOperation.js">
          <metrics statements="27" coveredstatements="1" conditionals="41" coveredconditionals="0" methods="10" coveredmethods="0"/>
          <line num="9" count="1" type="stmt"/>
          <line num="13" count="0" type="stmt"/>
          <line num="17" count="0" type="stmt"/>
          <line num="37" count="0" type="stmt"/>
          <line num="51" count="0" type="stmt"/>
          <line num="61" count="0" type="stmt"/>
          <line num="148" count="0" type="stmt"/>
          <line num="149" count="0" type="stmt"/>
          <line num="151" count="0" type="stmt"/>
          <line num="153" count="0" type="stmt"/>
          <line num="155" count="0" type="stmt"/>
          <line num="156" count="0" type="stmt"/>
          <line num="157" count="0" type="stmt"/>
          <line num="192" count="0" type="stmt"/>
          <line num="196" count="0" type="stmt"/>
          <line num="207" count="0" type="stmt"/>
          <line num="233" count="0" type="stmt"/>
          <line num="234" count="0" type="cond" truecount="0" falsecount="2"/>
          <line num="235" count="0" type="stmt"/>
          <line num="236" count="0" type="stmt"/>
          <line num="237" count="0" type="cond" truecount="0" falsecount="2"/>
          <line num="238" count="0" type="stmt"/>
          <line num="239" count="0" type="stmt"/>
          <line num="260" count="0" type="stmt"/>
          <line num="272" count="0" type="cond" truecount="0" falsecount="2"/>
          <line num="288" count="0" type="stmt"/>
          <line num="299" count="0" type="stmt"/>
        </file>
        <file name="ConvertOperation.js" path="/media/data/Repositories/mure-library/src/Operations/ConvertOperation.js">
          <metrics statements="6" coveredstatements="1" conditionals="2" coveredconditionals="0" methods="3" coveredmethods="1"/>
          <line num="17" count="1" type="stmt"/>
          <line num="32" count="0" type="stmt"/>
          <line num="33" count="0" type="stmt"/>
          <line num="55" count="0" type="stmt"/>
          <line num="59" count="0" type="stmt"/>
          <line num="60" count="0" type="stmt"/>
        </file>
        <file name="FilterOperation.js" path="/media/data/Repositories/mure-library/src/Operations/FilterOperation.js">
          <metrics statements="4" coveredstatements="1" conditionals="4" coveredconditionals="0" methods="2" coveredmethods="0"/>
          <line num="7" count="1" type="stmt"/>
          <line num="11" count="0" type="stmt"/>
          <line num="12" count="0" type="stmt"/>
          <line num="57" count="0" type="stmt"/>
        </file>
        <file name="SelectAllOperation.js" path="/media/data/Repositories/mure-library/src/Operations/SelectAllOperation.js">
          <metrics statements="16" coveredstatements="0" conditionals="37" coveredconditionals="0" methods="5" coveredmethods="0"/>
          <line num="9" count="0" type="stmt"/>
          <line num="10" count="0" type="stmt"/>
          <line num="18" count="0" type="stmt"/>
          <line num="40" count="0" type="stmt"/>
          <line num="77" count="0" type="stmt"/>
          <line num="78" count="0" type="cond" truecount="0" falsecount="2"/>
          <line num="79" count="0" type="cond" truecount="0" falsecount="2"/>
          <line num="86" count="0" type="stmt"/>
          <line num="97" count="0" type="stmt"/>
          <line num="104" count="0" type="stmt"/>
          <line num="110" count="0" type="stmt"/>
          <line num="111" count="0" type="stmt"/>
          <line num="132" count="0" type="cond" truecount="0" falsecount="3"/>
          <line num="135" count="0" type="stmt"/>
          <line num="140" count="0" type="stmt"/>
          <line num="142" count="0" type="stmt"/>
        </file>
      </package>
      <package name="src.Operations.Common">
        <metrics statements="29" coveredstatements="3" conditionals="40" coveredconditionals="0" methods="22" coveredmethods="0"/>
        <file name="AttributeOption.js" path="/media/data/Repositories/mure-library/src/Operations/Common/AttributeOption.js">
          <metrics statements="1" coveredstatements="0" conditionals="1" coveredconditionals="0" methods="2" coveredmethods="0"/>
          <line num="17" count="0" type="stmt"/>
        </file>
        <file name="BaseOperation.js" path="/media/data/Repositories/mure-library/src/Operations/Common/BaseOperation.js">
          <metrics statements="13" coveredstatements="1" conditionals="6" coveredconditionals="0" methods="6" coveredmethods="0"/>
          <line num="12" count="0" type="stmt"/>
          <line num="30" count="0" type="stmt"/>
          <line num="39" count="0" type="stmt"/>
          <line num="40" count="0" type="stmt"/>
          <line num="43" count="0" type="stmt"/>
          <line num="44" count="0" type="stmt"/>
          <line num="45" count="0" type="stmt"/>
          <line num="52" count="0" type="stmt"/>
          <line num="54" count="0" type="stmt"/>
          <line num="58" count="0" type="stmt"/>
          <line num="59" count="0" type="stmt"/>
          <line num="60" count="0" type="stmt"/>
          <line num="70" count="1" type="stmt"/>
        </file>
        <file name="ClassOption.js" path="/media/data/Repositories/mure-library/src/Operations/Common/ClassOption.js">
          <metrics statements="1" coveredstatements="0" conditionals="3" coveredconditionals="0" methods="3" coveredmethods="0"/>
          <line num="5" count="0" type="stmt"/>
        </file>
        <file name="ContextualOption.js" path="/media/data/Repositories/mure-library/src/Operations/Common/ContextualOption.js">
          <metrics statements="0" coveredstatements="0" conditionals="2" coveredconditionals="0" methods="1" coveredmethods="0"/>
        </file>
        <file name="InputOption.js" path="/media/data/Repositories/mure-library/src/Operations/Common/InputOption.js">
          <metrics statements="1" coveredstatements="1" conditionals="3" coveredconditionals="0" methods="0" coveredmethods="0"/>
          <line num="34" count="1" type="stmt"/>
        </file>
        <file name="InputSpec.js" path="/media/data/Repositories/mure-library/src/Operations/Common/InputSpec.js">
          <metrics statements="1" coveredstatements="0" conditionals="0" coveredconditionals="0" methods="2" coveredmethods="0"/>
          <line num="12" count="0" type="stmt"/>
        </file>
        <file name="NestedAttributeOption.js" path="/media/data/Repositories/mure-library/src/Operations/Common/NestedAttributeOption.js">
          <metrics statements="6" coveredstatements="0" conditionals="7" coveredconditionals="0" methods="0" coveredmethods="0"/>
          <line num="9" count="0" type="stmt"/>
          <line num="13" count="0" type="stmt"/>
          <line num="15" count="0" type="stmt"/>
          <line num="16" count="0" type="stmt"/>
          <line num="19" count="0" type="cond" truecount="0" falsecount="2"/>
          <line num="20" count="0" type="cond" truecount="0" falsecount="2"/>
        </file>
        <file name="OutputSpec.js" path="/media/data/Repositories/mure-library/src/Operations/Common/OutputSpec.js">
          <metrics statements="4" coveredstatements="1" conditionals="12" coveredconditionals="0" methods="5" coveredmethods="0"/>
          <line num="18" count="1" type="stmt"/>
          <line num="19" count="0" type="stmt"/>
          <line num="20" count="0" type="stmt"/>
          <line num="21" count="0" type="stmt"/>
        </file>
        <file name="StringOption.js" path="/media/data/Repositories/mure-library/src/Operations/Common/StringOption.js">
          <metrics statements="0" coveredstatements="0" conditionals="0" coveredconditionals="0" methods="1" coveredmethods="0"/>
        </file>
        <file name="TypedOption.js" path="/media/data/Repositories/mure-library/src/Operations/Common/TypedOption.js">
          <metrics statements="2" coveredstatements="0" conditionals="6" coveredconditionals="0" methods="2" coveredmethods="0"/>
          <line num="22" count="0" type="stmt"/>
          <line num="23" count="0" type="stmt"/>
        </file>
      </package>
      <package name="src.Operations.Conversions">
        <metrics statements="1" coveredstatements="1" conditionals="4" coveredconditionals="1" methods="2" coveredmethods="2"/>
        <file name="BaseConversion.js" path="/media/data/Repositories/mure-library/src/Operations/Conversions/BaseConversion.js">
          <metrics statements="1" coveredstatements="1" conditionals="4" coveredconditionals="1" methods="2" coveredmethods="2"/>
          <line num="46" count="1" type="stmt"/>
        </file>
      </package>
      <package name="src.Wrappers">
        <metrics statements="79" coveredstatements="47" conditionals="92" coveredconditionals="0" methods="55" coveredmethods="2"/>
        <file name="BaseWrapper.js" path="/media/data/Repositories/mure-library/src/Wrappers/BaseWrapper.js">
          <metrics statements="4" coveredstatements="4" conditionals="2" coveredconditionals="0" methods="3" coveredmethods="0"/>
          <line num="34" count="1" type="stmt"/>
          <line num="39" count="1" type="stmt"/>
          <line num="42" count="1" type="stmt"/>
          <line num="46" count="1" type="stmt"/>
        </file>
        <file name="BooleanWrapper.js" path="/media/data/Repositories/mure-library/src/Wrappers/BooleanWrapper.js">
          <metrics statements="3" coveredstatements="3" conditionals="0" coveredconditionals="0" methods="2" coveredmethods="0"/>
          <line num="4" count="1" type="stmt"/>
          <line num="5" count="1" type="stmt"/>
          <line num="6" count="1" type="stmt"/>
        </file>
        <file name="ContainerWrapper.js" path="/media/data/Repositories/mure-library/src/Wrappers/ContainerWrapper.js">
          <metrics statements="8" coveredstatements="3" conditionals="6" coveredconditionals="0" methods="6" coveredmethods="0"/>
          <line num="24" count="0" type="stmt"/>
          <line num="25" count="0" type="stmt"/>
          <line num="48" count="1" type="stmt"/>
          <line num="49" count="1" type="stmt"/>
          <line num="51" count="0" type="stmt"/>
          <line num="60" count="1" type="stmt"/>
          <line num="69" count="0" type="stmt"/>
          <line num="74" count="0" type="stmt"/>
        </file>
        <file name="ContainerWrapperMixin.js" path="/media/data/Repositories/mure-library/src/Wrappers/ContainerWrapperMixin.js">
          <metrics statements="6" coveredstatements="1" conditionals="15" coveredconditionals="0" methods="4" coveredmethods="1"/>
          <line num="1" count="2" type="stmt"/>
          <line num="7" count="0" type="stmt"/>
          <line num="10" count="0" type="stmt"/>
          <line num="13" count="0" type="stmt"/>
          <line num="14" count="0" type="stmt"/>
          <line num="30" count="0" type="stmt"/>
        </file>
        <file name="DateWrapper.js" path="/media/data/Repositories/mure-library/src/Wrappers/DateWrapper.js">
          <metrics statements="3" coveredstatements="3" conditionals="0" coveredconditionals="0" methods="3" coveredmethods="0"/>
          <line num="15" count="1" type="stmt"/>
          <line num="16" count="1" type="stmt"/>
          <line num="31" count="1" type="stmt"/>
        </file>
        <file name="DocumentWrapper.js" path="/media/data/Repositories/mure-library/src/Wrappers/DocumentWrapper.js">
          <metrics statements="10" coveredstatements="5" conditionals="29" coveredconditionals="0" methods="5" coveredmethods="0"/>
          <line num="8" count="1" type="stmt"/>
          <line num="18" count="0" type="stmt"/>
          <line num="42" count="1" type="stmt"/>
          <line num="46" count="0" type="stmt"/>
          <line num="52" count="1" type="stmt"/>
          <line num="66" count="1" type="stmt"/>
          <line num="67" count="0" type="stmt"/>
          <line num="78" count="1" type="stmt"/>
          <line num="95" count="0" type="stmt"/>
          <line num="96" count="0" type="stmt"/>
        </file>
        <file name="EdgeWrapper.js" path="/media/data/Repositories/mure-library/src/Wrappers/EdgeWrapper.js">
          <metrics statements="7" coveredstatements="4" conditionals="20" coveredconditionals="0" methods="9" coveredmethods="0"/>
          <line num="12" count="0" type="stmt"/>
          <line num="22" count="0" type="stmt"/>
          <line num="31" count="1" type="stmt"/>
          <line num="36" count="1" type="stmt"/>
          <line num="39" count="1" type="stmt"/>
          <line num="46" count="1" type="stmt"/>
          <line num="47" count="0" type="stmt"/>
        </file>
        <file name="GenericWrapper.js" path="/media/data/Repositories/mure-library/src/Wrappers/GenericWrapper.js">
          <metrics statements="5" coveredstatements="2" conditionals="6" coveredconditionals="0" methods="4" coveredmethods="0"/>
          <line num="16" count="0" type="stmt"/>
          <line num="29" count="0" type="stmt"/>
          <line num="37" count="1" type="stmt"/>
          <line num="40" count="1" type="stmt"/>
          <line num="47" count="0" type="stmt"/>
        </file>
        <file name="InvalidWrapper.js" path="/media/data/Repositories/mure-library/src/Wrappers/InvalidWrapper.js">
          <metrics statements="5" coveredstatements="2" conditionals="2" coveredconditionals="0" methods="1" coveredmethods="0"/>
          <line num="12" count="0" type="stmt"/>
          <line num="15" count="0" type="cond" truecount="0" falsecount="2"/>
          <line num="16" count="0" type="stmt"/>
          <line num="31" count="1" type="stmt"/>
          <line num="32" count="1" type="stmt"/>
        </file>
        <file name="NodeWrapper.js" path="/media/data/Repositories/mure-library/src/Wrappers/NodeWrapper.js">
          <metrics statements="4" coveredstatements="2" conditionals="8" coveredconditionals="0" methods="4" coveredmethods="0"/>
          <line num="12" count="0" type="stmt"/>
          <line num="21" count="0" type="stmt"/>
          <line num="38" count="1" type="stmt"/>
          <line num="41" count="1" type="stmt"/>
        </file>
        <file name="NullWrapper.js" path="/media/data/Repositories/mure-library/src/Wrappers/NullWrapper.js">
          <metrics statements="3" coveredstatements="3" conditionals="0" coveredconditionals="0" methods="2" coveredmethods="0"/>
          <line num="4" count="1" type="stmt"/>
          <line num="5" count="1" type="stmt"/>
          <line num="6" count="1" type="stmt"/>
        </file>
        <file name="NumberWrapper.js" path="/media/data/Repositories/mure-library/src/Wrappers/NumberWrapper.js">
          <metrics statements="4" coveredstatements="4" conditionals="0" coveredconditionals="0" methods="2" coveredmethods="0"/>
          <line num="4" count="1" type="stmt"/>
          <line num="5" count="1" type="stmt"/>
          <line num="6" count="1" type="stmt"/>
          <line num="7" count="1" type="stmt"/>
        </file>
        <file name="ReferenceWrapper.js" path="/media/data/Repositories/mure-library/src/Wrappers/ReferenceWrapper.js">
          <metrics statements="1" coveredstatements="1" conditionals="0" coveredconditionals="0" methods="1" coveredmethods="0"/>
          <line num="4" count="1" type="stmt"/>
        </file>
        <file name="RootWrapper.js" path="/media/data/Repositories/mure-library/src/Wrappers/RootWrapper.js">
          <metrics statements="0" coveredstatements="0" conditionals="0" coveredconditionals="0" methods="1" coveredmethods="0"/>
        </file>
        <file name="SetWrapper.js" path="/media/data/Repositories/mure-library/src/Wrappers/SetWrapper.js">
          <metrics statements="2" coveredstatements="2" conditionals="2" coveredconditionals="0" methods="2" coveredmethods="0"/>
          <line num="5" count="1" type="stmt"/>
          <line num="8" count="1" type="stmt"/>
        </file>
        <file name="SetWrapperMixin.js" path="/media/data/Repositories/mure-library/src/Wrappers/SetWrapperMixin.js">
          <metrics statements="3" coveredstatements="1" conditionals="0" coveredconditionals="0" methods="1" coveredmethods="1"/>
          <line num="1" count="2" type="stmt"/>
          <line num="9" count="0" type="stmt"/>
          <line num="10" count="0" type="stmt"/>
        </file>
        <file name="StringWrapper.js" path="/media/data/Repositories/mure-library/src/Wrappers/StringWrapper.js">
          <metrics statements="3" coveredstatements="3" conditionals="2" coveredconditionals="0" methods="2" coveredmethods="0"/>
          <line num="4" count="1" type="stmt"/>
          <line num="5" count="1" type="stmt"/>
          <line num="6" count="1" type="stmt"/>
        </file>
        <file name="SupernodeWrapper.js" path="/media/data/Repositories/mure-library/src/Wrappers/SupernodeWrapper.js">
          <metrics statements="2" coveredstatements="2" conditionals="0" coveredconditionals="0" methods="2" coveredmethods="0"/>
          <line num="6" count="1" type="stmt"/>
          <line num="9" count="1" type="stmt"/>
        </file>
        <file name="TypedWrapper.js" path="/media/data/Repositories/mure-library/src/Wrappers/TypedWrapper.js">
          <metrics statements="6" coveredstatements="2" conditionals="0" coveredconditionals="0" methods="1" coveredmethods="0"/>
          <line num="12" count="0" type="stmt"/>
          <line num="15" count="0" type="stmt"/>
          <line num="16" count="0" type="stmt"/>
          <line num="31" count="0" type="stmt"/>
          <line num="40" count="1" type="stmt"/>
          <line num="41" count="1" type="stmt"/>
        </file>
      </package>
      <package name="test">
        <metrics statements="21" coveredstatements="21" conditionals="0" coveredconditionals="0" methods="6" coveredmethods="6"/>
        <file name="basicTests.js" path="/media/data/Repositories/mure-library/test/basicTests.js">
          <metrics statements="21" coveredstatements="21" conditionals="0" coveredconditionals="0" methods="6" coveredmethods="6"/>
          <line num="1" count="1" type="stmt"/>
          <line num="2" count="1" type="stmt"/>
          <line num="4" count="1" type="stmt"/>
          <line num="5" count="1" type="stmt"/>
          <line num="8" count="1" type="stmt"/>
          <line num="9" count="1" type="stmt"/>
          <line num="10" count="1" type="stmt"/>
          <line num="13" count="1" type="stmt"/>
          <line num="14" count="1" type="stmt"/>
          <line num="15" count="1" type="stmt"/>
          <line num="18" count="1" type="stmt"/>
          <line num="19" count="1" type="stmt"/>
          <line num="20" count="1" type="stmt"/>
          <line num="23" count="1" type="stmt"/>
          <line num="24" count="1" type="stmt"/>
          <line num="25" count="1" type="stmt"/>
          <line num="28" count="1" type="stmt"/>
          <line num="29" count="1" type="stmt"/>
          <line num="30" count="1" type="stmt"/>
          <line num="31" count="1" type="stmt"/>
          <line num="32" count="1" type="stmt"/>
        </file>
      </package>
    </metrics>
  </project>
</coverage>
