{"/media/data/Repositories/mure-library/src/Mure.js": {"path":"/media/data/Repositories/mure-library/src/Mure.js","statementMap":{"0":{"start":{"line":99,"column":27},"end":{"line":99,"column":4}},"1":{"start":{"line":113,"column":19},"end":{"line":113,"column":6}},"2":{"start":{"line":161,"column":21},"end":{"line":161,"column":8}},"3":{"start":{"line":162,"column":25},"end":{"line":162,"column":8}},"4":{"start":{"line":164,"column":24},"end":{"line":164,"column":10}},"5":{"start":{"line":176,"column":23},"end":{"line":172,"column":34}},"6":{"start":{"line":180,"column":23},"end":{"line":177,"column":46}},"7":{"start":{"line":184,"column":23},"end":{"line":181,"column":45}},"8":{"start":{"line":229,"column":18},"end":{"line":229,"column":4}},"9":{"start":{"line":230,"column":35},"end":{"line":230,"column":11}},"10":{"start":{"line":234,"column":18},"end":{"line":233,"column":11}},"11":{"start":{"line":238,"column":22},"end":{"line":238,"column":4}},"12":{"start":{"line":268,"column":25},"end":{"line":268,"column":6}},"13":{"start":{"line":295,"column":25},"end":{"line":295,"column":4}},"14":{"start":{"line":300,"column":19},"end":{"line":300,"column":4}},"15":{"start":{"line":301,"column":18},"end":{"line":301,"column":4}},"16":{"start":{"line":302,"column":24},"end":{"line":302,"column":4}},"17":{"start":{"line":303,"column":20},"end":{"line":303,"column":4}},"18":{"start":{"line":315,"column":27},"end":{"line":315,"column":6}},"19":{"start":{"line":325,"column":20},"end":{"line":325,"column":6}},"20":{"start":{"line":347,"column":23},"end":{"line":347,"column":8}},"21":{"start":{"line":350,"column":16},"end":{"line":350,"column":8}},"22":{"start":{"line":352,"column":18},"end":{"line":352,"column":8}},"23":{"start":{"line":364,"column":17},"end":{"line":364,"column":4}},"24":{"start":{"line":365,"column":19},"end":{"line":365,"column":6}},"25":{"start":{"line":375,"column":17},"end":{"line":375,"column":6}},"26":{"start":{"line":382,"column":22},"end":{"line":382,"column":4}},"27":{"start":{"line":383,"column":14},"end":{"line":383,"column":4}},"28":{"start":{"line":398,"column":14},"end":{"line":398,"column":4}},"29":{"start":{"line":413,"column":15},"end":{"line":413,"column":4}},"30":{"start":{"line":415,"column":34},"end":{"line":415,"column":6}},"31":{"start":{"line":420,"column":33},"end":{"line":420,"column":6}},"32":{"start":{"line":428,"column":17},"end":{"line":428,"column":4}},"33":{"start":{"line":438,"column":17},"end":{"line":438,"column":4}},"34":{"start":{"line":442,"column":25},"end":{"line":442,"column":4}},"35":{"start":{"line":452,"column":19},"end":{"line":452,"column":4}},"36":{"start":{"line":453,"column":19},"end":{"line":453,"column":4}},"37":{"start":{"line":458,"column":19},"end":{"line":458,"column":4}},"38":{"start":{"line":462,"column":19},"end":{"line":462,"column":4}},"39":{"start":{"line":470,"column":17},"end":{"line":470,"column":4}},"40":{"start":{"line":481,"column":19},"end":{"line":481,"column":4}},"41":{"start":{"line":505,"column":23},"end":{"line":505,"column":10}},"42":{"start":{"line":544,"column":19},"end":{"line":544,"column":4}},"43":{"start":{"line":562,"column":19},"end":{"line":562,"column":4}}},"fnMap":{"0":{"name":"(anonymous_281)","decl":{"start":{"line":112,"column":29},"end":{"line":112,"column":41}},"loc":{"start":{"line":112,"column":42},"end":{"line":112,"column":4}}},"1":{"name":"(anonymous_282)","decl":{"start":{"line":115,"column":53},"end":{"line":115,"column":68}},"loc":{"start":{"line":115,"column":83},"end":{"line":115,"column":6}}},"2":{"name":"(anonymous_283)","decl":{"start":{"line":125,"column":18},"end":{"line":125,"column":16}},"loc":{"start":{"line":125,"column":30},"end":{"line":125,"column":4}}},"3":{"name":"(anonymous_284)","decl":{"start":{"line":126,"column":25},"end":{"line":126,"column":26}},"loc":{"start":{"line":126,"column":46},"end":{"line":126,"column":13}}},"4":{"name":"(anonymous_285)","decl":{"start":{"line":131,"column":20},"end":{"line":131,"column":18}},"loc":{"start":{"line":131,"column":32},"end":{"line":131,"column":4}}},"5":{"name":"(anonymous_286)","decl":{"start":{"line":132,"column":25},"end":{"line":132,"column":26}},"loc":{"start":{"line":132,"column":46},"end":{"line":132,"column":13}}},"6":{"name":"(anonymous_287)","decl":{"start":{"line":136,"column":18},"end":{"line":136,"column":19}},"loc":{"start":{"line":136,"column":45},"end":{"line":136,"column":4}}},"7":{"name":"(anonymous_288)","decl":{"start":{"line":137,"column":25},"end":{"line":137,"column":26}},"loc":{"start":{"line":137,"column":46},"end":{"line":137,"column":13}}},"8":{"name":"(anonymous_289)","decl":{"start":{"line":141,"column":16},"end":{"line":141,"column":27}},"loc":{"start":{"line":141,"column":28},"end":{"line":141,"column":4}}},"9":{"name":"(anonymous_290)","decl":{"start":{"line":144,"column":15},"end":{"line":144,"column":26}},"loc":{"start":{"line":144,"column":27},"end":{"line":144,"column":4}}},"10":{"name":"(anonymous_295)","decl":{"start":{"line":159,"column":32},"end":{"line":159,"column":33}},"loc":{"start":{"line":159,"column":53},"end":{"line":159,"column":20}}},"11":{"name":"(anonymous_296)","decl":{"start":{"line":160,"column":7},"end":{"line":160,"column":18}},"loc":{"start":{"line":160,"column":19},"end":{"line":160,"column":6}}},"12":{"name":"(anonymous_297)","decl":{"start":{"line":166,"column":19},"end":{"line":166,"column":25}},"loc":{"start":{"line":166,"column":26},"end":{"line":165,"column":35}}},"13":{"name":"(anonymous_298)","decl":{"start":{"line":176,"column":17},"end":{"line":176,"column":22}},"loc":{"start":{"line":176,"column":23},"end":{"line":172,"column":34}}},"14":{"name":"(anonymous_299)","decl":{"start":{"line":180,"column":17},"end":{"line":180,"column":22}},"loc":{"start":{"line":180,"column":23},"end":{"line":177,"column":46}}},"15":{"name":"(anonymous_300)","decl":{"start":{"line":184,"column":17},"end":{"line":184,"column":22}},"loc":{"start":{"line":184,"column":23},"end":{"line":181,"column":45}}},"16":{"name":"(anonymous_301)","decl":{"start":{"line":189,"column":24},"end":{"line":189,"column":33}},"loc":{"start":{"line":189,"column":34},"end":{"line":185,"column":8}}},"17":{"name":"(anonymous_302)","decl":{"start":{"line":216,"column":23},"end":{"line":216,"column":29}},"loc":{"start":{"line":216,"column":30},"end":{"line":185,"column":8}}},"18":{"name":"(anonymous_304)","decl":{"start":{"line":230,"column":28},"end":{"line":230,"column":34}},"loc":{"start":{"line":230,"column":35},"end":{"line":230,"column":11}}},"19":{"name":"(anonymous_306)","decl":{"start":{"line":234,"column":11},"end":{"line":234,"column":17}},"loc":{"start":{"line":234,"column":18},"end":{"line":233,"column":11}}},"20":{"name":"(anonymous_311)","decl":{"start":{"line":296,"column":36},"end":{"line":296,"column":42}},"loc":{"start":{"line":296,"column":43},"end":{"line":296,"column":24}}},"21":{"name":"(anonymous_312)","decl":{"start":{"line":304,"column":19},"end":{"line":304,"column":31}},"loc":{"start":{"line":304,"column":32},"end":{"line":304,"column":4}}},"22":{"name":"(anonymous_313)","decl":{"start":{"line":315,"column":47},"end":{"line":315,"column":53}},"loc":{"start":{"line":315,"column":54},"end":{"line":315,"column":27}}},"23":{"name":"(anonymous_314)","decl":{"start":{"line":325,"column":64},"end":{"line":325,"column":65}},"loc":{"start":{"line":325,"column":84},"end":{"line":325,"column":30}}},"24":{"name":"(anonymous_316)","decl":{"start":{"line":345,"column":12},"end":{"line":345,"column":18}},"loc":{"start":{"line":345,"column":19},"end":{"line":344,"column":11}}},"25":{"name":"(anonymous_318)","decl":{"start":{"line":364,"column":35},"end":{"line":364,"column":36}},"loc":{"start":{"line":364,"column":56},"end":{"line":364,"column":23}}},"26":{"name":"(anonymous_319)","decl":{"start":{"line":366,"column":22},"end":{"line":366,"column":27}},"loc":{"start":{"line":366,"column":28},"end":{"line":366,"column":6}}}},"branchMap":{"0":{"loc":{"start":{"line":223,"column":27},"end":{"line":223,"column":2}},"type":"default-arg","locations":[{"start":{"line":223,"column":27},"end":{"line":223,"column":2}}]},"1":{"loc":{"start":{"line":255,"column":44},"end":{"line":255,"column":2}},"type":"default-arg","locations":[{"start":{"line":255,"column":44},"end":{"line":255,"column":2}}]},"2":{"loc":{"start":{"line":255,"column":35},"end":{"line":255,"column":26}},"type":"default-arg","locations":[{"start":{"line":255,"column":35},"end":{"line":255,"column":26}}]},"3":{"loc":{"start":{"line":307,"column":43},"end":{"line":307,"column":78}},"type":"binary-expr","locations":[{"start":{"line":307,"column":43},"end":{"line":307,"column":78}},{"start":{"line":307,"column":79},"end":{"line":307,"column":8}}]},"4":{"loc":{"start":{"line":343,"column":53},"end":{"line":343,"column":2}},"type":"default-arg","locations":[{"start":{"line":343,"column":53},"end":{"line":343,"column":2}}]},"5":{"loc":{"start":{"line":343,"column":44},"end":{"line":343,"column":31}},"type":"default-arg","locations":[{"start":{"line":343,"column":44},"end":{"line":343,"column":31}}]},"6":{"loc":{"start":{"line":346,"column":19},"end":{"line":346,"column":30}},"type":"binary-expr","locations":[{"start":{"line":346,"column":19},"end":{"line":346,"column":30}},{"start":{"line":346,"column":31},"end":{"line":346,"column":8}}]},"7":{"loc":{"start":{"line":363,"column":76},"end":{"line":363,"column":2}},"type":"default-arg","locations":[{"start":{"line":363,"column":76},"end":{"line":363,"column":2}}]},"8":{"loc":{"start":{"line":363,"column":45},"end":{"line":363,"column":32}},"type":"default-arg","locations":[{"start":{"line":363,"column":45},"end":{"line":363,"column":32}}]},"9":{"loc":{"start":{"line":373,"column":80},"end":{"line":373,"column":2}},"type":"default-arg","locations":[{"start":{"line":373,"column":80},"end":{"line":373,"column":2}}]},"10":{"loc":{"start":{"line":382,"column":22},"end":{"line":382,"column":42}},"type":"binary-expr","locations":[{"start":{"line":382,"column":22},"end":{"line":382,"column":42}},{"start":{"line":382,"column":43},"end":{"line":382,"column":22}},{"start":{"line":382,"column":71},"end":{"line":382,"column":4}}]},"11":{"loc":{"start":{"line":387,"column":19},"end":{"line":387,"column":30}},"type":"binary-expr","locations":[{"start":{"line":387,"column":19},"end":{"line":387,"column":30}},{"start":{"line":387,"column":31},"end":{"line":387,"column":4}}]},"12":{"loc":{"start":{"line":388,"column":19},"end":{"line":388,"column":30}},"type":"binary-expr","locations":[{"start":{"line":388,"column":19},"end":{"line":388,"column":30}},{"start":{"line":388,"column":31},"end":{"line":388,"column":4}}]},"13":{"loc":{"start":{"line":389,"column":18},"end":{"line":389,"column":29}},"type":"binary-expr","locations":[{"start":{"line":389,"column":18},"end":{"line":389,"column":29}},{"start":{"line":389,"column":30},"end":{"line":389,"column":4}}]},"14":{"loc":{"start":{"line":411,"column":54},"end":{"line":411,"column":2}},"type":"default-arg","locations":[{"start":{"line":411,"column":54},"end":{"line":411,"column":2}}]},"15":{"loc":{"start":{"line":439,"column":8},"end":{"line":439,"column":7}},"type":"binary-expr","locations":[{"start":{"line":439,"column":8},"end":{"line":439,"column":7}},{"start":{"line":439,"column":19},"end":{"line":439,"column":4}}]},"16":{"loc":{"start":{"line":442,"column":37},"end":{"line":442,"column":25}},"type":"cond-expr","locations":[{"start":{"line":442,"column":37},"end":{"line":442,"column":25}},{"start":{"line":442,"column":68},"end":{"line":442,"column":4}}]},"17":{"loc":{"start":{"line":444,"column":28},"end":{"line":444,"column":16}},"type":"cond-expr","locations":[{"start":{"line":444,"column":28},"end":{"line":444,"column":16}},{"start":{"line":444,"column":47},"end":{"line":443,"column":11}}]},"18":{"loc":{"start":{"line":446,"column":28},"end":{"line":446,"column":16}},"type":"cond-expr","locations":[{"start":{"line":446,"column":28},"end":{"line":446,"column":16}},{"start":{"line":446,"column":47},"end":{"line":443,"column":11}}]},"19":{"loc":{"start":{"line":447,"column":31},"end":{"line":447,"column":19}},"type":"cond-expr","locations":[{"start":{"line":447,"column":31},"end":{"line":447,"column":19}},{"start":{"line":447,"column":50},"end":{"line":443,"column":11}}]},"20":{"loc":{"start":{"line":451,"column":25},"end":{"line":451,"column":2}},"type":"default-arg","locations":[{"start":{"line":451,"column":25},"end":{"line":451,"column":2}}]},"21":{"loc":{"start":{"line":454,"column":37},"end":{"line":454,"column":15}},"type":"cond-expr","locations":[{"start":{"line":454,"column":37},"end":{"line":454,"column":15}},{"start":{"line":454,"column":68},"end":{"line":454,"column":4}}]},"22":{"loc":{"start":{"line":463,"column":8},"end":{"line":463,"column":17}},"type":"binary-expr","locations":[{"start":{"line":463,"column":8},"end":{"line":463,"column":17}},{"start":{"line":463,"column":18},"end":{"line":463,"column":4}}]},"23":{"loc":{"start":{"line":471,"column":8},"end":{"line":471,"column":16}},"type":"binary-expr","locations":[{"start":{"line":471,"column":8},"end":{"line":471,"column":16}},{"start":{"line":471,"column":17},"end":{"line":471,"column":27}},{"start":{"line":471,"column":28},"end":{"line":471,"column":8}}]},"24":{"loc":{"start":{"line":473,"column":24},"end":{"line":473,"column":34}},"type":"binary-expr","locations":[{"start":{"line":473,"column":24},"end":{"line":473,"column":34}},{"start":{"line":473,"column":35},"end":{"line":472,"column":13}}]},"25":{"loc":{"start":{"line":474,"column":29},"end":{"line":474,"column":19}},"type":"cond-expr","locations":[{"start":{"line":474,"column":29},"end":{"line":474,"column":19}},{"start":{"line":474,"column":48},"end":{"line":null,"column":-1}}]},"26":{"loc":{"start":{"line":480,"column":33},"end":{"line":480,"column":2}},"type":"default-arg","locations":[{"start":{"line":480,"column":33},"end":{"line":480,"column":2}}]},"27":{"loc":{"start":{"line":486,"column":10},"end":{"line":486,"column":9}},"type":"binary-expr","locations":[{"start":{"line":486,"column":10},"end":{"line":486,"column":9}},{"start":{"line":486,"column":30},"end":{"line":486,"column":6}}]},"28":{"loc":{"start":{"line":517,"column":15},"end":{"line":517,"column":14}},"type":"binary-expr","locations":[{"start":{"line":517,"column":15},"end":{"line":517,"column":14}},{"start":{"line":517,"column":40},"end":{"line":517,"column":15}},{"start":{"line":517,"column":63},"end":{"line":517,"column":15}},{"start":{"line":517,"column":89},"end":{"line":517,"column":11}}]},"29":{"loc":{"start":{"line":521,"column":15},"end":{"line":521,"column":14}},"type":"binary-expr","locations":[{"start":{"line":521,"column":15},"end":{"line":521,"column":14}},{"start":{"line":521,"column":40},"end":{"line":521,"column":11}}]},"30":{"loc":{"start":{"line":562,"column":30},"end":{"line":562,"column":19}},"type":"cond-expr","locations":[{"start":{"line":562,"column":30},"end":{"line":562,"column":19}},{"start":{"line":562,"column":63},"end":{"line":562,"column":4}}]}},"s":{"0":1,"1":6,"2":1,"3":1,"4":0,"5":0,"6":0,"7":0,"8":0,"9":0,"10":0,"11":0,"12":0,"13":0,"14":0,"15":0,"16":0,"17":0,"18":0,"19":0,"20":0,"21":0,"22":0,"23":0,"24":0,"25":0,"26":0,"27":0,"28":0,"29":0,"30":0,"31":0,"32":0,"33":0,"34":0,"35":0,"36":0,"37":0,"38":0,"39":0,"40":0,"41":0,"42":0,"43":0},"f":{"0":6,"1":0,"2":0,"3":0,"4":0,"5":0,"6":0,"7":0,"8":0,"9":0,"10":1,"11":1,"12":0,"13":0,"14":0,"15":0,"16":0,"17":0,"18":0,"19":0,"20":0,"21":0,"22":0,"23":0,"24":0,"25":0,"26":0},"b":{"0":[0],"1":[0],"2":[0],"3":[0,0],"4":[0],"5":[0],"6":[0,0],"7":[0],"8":[0],"9":[0],"10":[0,0,0],"11":[0,0],"12":[0,0],"13":[0,0],"14":[0],"15":[0,0],"16":[0,0],"17":[0,0],"18":[0,0],"19":[0,0],"20":[0],"21":[0,0],"22":[0,0],"23":[0,0,0],"24":[0,0],"25":[0,0],"26":[0],"27":[0,0],"28":[0,0,0,0],"29":[0,0],"30":[0,0]}}
,"/media/data/Repositories/mure-library/src/Selection.js": {"path":"/media/data/Repositories/mure-library/src/Selection.js","statementMap":{"0":{"start":{"line":5,"column":26},"end":{"line":5,"column":0}},"1":{"start":{"line":13,"column":23},"end":{"line":13,"column":6}},"2":{"start":{"line":15,"column":18},"end":{"line":15,"column":8}},"3":{"start":{"line":35,"column":57},"end":{"line":35,"column":8}},"4":{"start":{"line":52,"column":16},"end":{"line":51,"column":45}},"5":{"start":{"line":60,"column":20},"end":{"line":60,"column":8}},"6":{"start":{"line":99,"column":25},"end":{"line":99,"column":6}},"7":{"start":{"line":106,"column":25},"end":{"line":106,"column":8}},"8":{"start":{"line":107,"column":24},"end":{"line":107,"column":8}},"9":{"start":{"line":136,"column":22},"end":{"line":136,"column":12}},"10":{"start":{"line":137,"column":35},"end":{"line":137,"column":12}},"11":{"start":{"line":139,"column":36},"end":{"line":139,"column":14}},"12":{"start":{"line":140,"column":30},"end":{"line":140,"column":14}},"13":{"start":{"line":171,"column":38},"end":{"line":171,"column":18}},"14":{"start":{"line":188,"column":21},"end":{"line":188,"column":4}},"15":{"start":{"line":190,"column":25},"end":{"line":190,"column":4}},"16":{"start":{"line":194,"column":19},"end":{"line":194,"column":4}},"17":{"start":{"line":212,"column":25},"end":{"line":212,"column":4}},"18":{"start":{"line":215,"column":25},"end":{"line":215,"column":6}},"19":{"start":{"line":257,"column":22},"end":{"line":257,"column":4}},"20":{"start":{"line":270,"column":18},"end":{"line":270,"column":4}},"21":{"start":{"line":271,"column":21},"end":{"line":271,"column":4}},"22":{"start":{"line":273,"column":17},"end":{"line":273,"column":4}},"23":{"start":{"line":282,"column":27},"end":{"line":282,"column":4}},"24":{"start":{"line":318,"column":23},"end":{"line":318,"column":10}},"25":{"start":{"line":331,"column":19},"end":{"line":331,"column":6}},"26":{"start":{"line":338,"column":29},"end":{"line":338,"column":12}},"27":{"start":{"line":354,"column":25},"end":{"line":354,"column":4}},"28":{"start":{"line":375,"column":37},"end":{"line":375,"column":10}},"29":{"start":{"line":378,"column":24},"end":{"line":375,"column":37}},"30":{"start":{"line":398,"column":18},"end":{"line":398,"column":4}},"31":{"start":{"line":399,"column":17},"end":{"line":399,"column":4}},"32":{"start":{"line":411,"column":24},"end":{"line":411,"column":8}},"33":{"start":{"line":416,"column":27},"end":{"line":416,"column":10}},"34":{"start":{"line":420,"column":30},"end":{"line":420,"column":12}},"35":{"start":{"line":437,"column":24},"end":{"line":437,"column":8}},"36":{"start":{"line":442,"column":27},"end":{"line":442,"column":10}},"37":{"start":{"line":447,"column":30},"end":{"line":447,"column":12}},"38":{"start":{"line":470,"column":18},"end":{"line":470,"column":4}},"39":{"start":{"line":471,"column":20},"end":{"line":471,"column":4}},"40":{"start":{"line":483,"column":15},"end":{"line":483,"column":4}},"41":{"start":{"line":484,"column":20},"end":{"line":484,"column":4}},"42":{"start":{"line":486,"column":20},"end":{"line":486,"column":6}},"43":{"start":{"line":487,"column":19},"end":{"line":487,"column":6}},"44":{"start":{"line":502,"column":0},"end":{"line":null,"column":-1}},"45":{"start":{"line":503,"column":0},"end":{"line":null,"column":-1}},"46":{"start":{"line":504,"column":0},"end":{"line":null,"column":-1}},"47":{"start":{"line":512,"column":0},"end":{"line":null,"column":-1}}},"fnMap":{"0":{"name":"(anonymous_2)","decl":{"start":{"line":12,"column":38},"end":{"line":12,"column":55}},"loc":{"start":{"line":12,"column":56},"end":{"line":12,"column":21}}},"1":{"name":"(anonymous_5)","decl":{"start":{"line":33,"column":30},"end":{"line":33,"column":41}},"loc":{"start":{"line":33,"column":42},"end":{"line":33,"column":11}}},"2":{"name":"(anonymous_6)","decl":{"start":{"line":35,"column":52},"end":{"line":35,"column":56}},"loc":{"start":{"line":35,"column":57},"end":{"line":35,"column":8}}},"3":{"name":"(anonymous_10)","decl":{"start":{"line":52,"column":11},"end":{"line":52,"column":15}},"loc":{"start":{"line":52,"column":16},"end":{"line":51,"column":45}}},"4":{"name":"(anonymous_12)","decl":{"start":{"line":96,"column":22},"end":{"line":96,"column":33}},"loc":{"start":{"line":96,"column":34},"end":{"line":96,"column":11}}},"5":{"name":"(anonymous_13)","decl":{"start":{"line":99,"column":25},"end":{"line":99,"column":32}},"loc":{"start":{"line":99,"column":33},"end":{"line":99,"column":6}}},"6":{"name":"(anonymous_14)","decl":{"start":{"line":121,"column":28},"end":{"line":121,"column":34}},"loc":{"start":{"line":121,"column":35},"end":{"line":121,"column":12}}},"7":{"name":"(anonymous_16)","decl":{"start":{"line":203,"column":63},"end":{"line":203,"column":64}},"loc":{"start":{"line":203,"column":85},"end":{"line":203,"column":23}}},"8":{"name":"(anonymous_17)","decl":{"start":{"line":225,"column":25},"end":{"line":225,"column":31}},"loc":{"start":{"line":225,"column":32},"end":{"line":225,"column":4}}},"9":{"name":"(anonymous_22)","decl":{"start":{"line":282,"column":27},"end":{"line":282,"column":28}},"loc":{"start":{"line":282,"column":47},"end":{"line":282,"column":4}}},"10":{"name":"(anonymous_23)","decl":{"start":{"line":337,"column":52},"end":{"line":337,"column":67}},"loc":{"start":{"line":337,"column":68},"end":{"line":337,"column":10}}},"11":{"name":"(anonymous_24)","decl":{"start":{"line":354,"column":25},"end":{"line":354,"column":36}},"loc":{"start":{"line":354,"column":37},"end":{"line":354,"column":4}}},"12":{"name":"(anonymous_25)","decl":{"start":{"line":378,"column":19},"end":{"line":378,"column":23}},"loc":{"start":{"line":378,"column":24},"end":{"line":375,"column":37}}},"13":{"name":"(anonymous_27)","decl":{"start":{"line":408,"column":34},"end":{"line":408,"column":35}},"loc":{"start":{"line":408,"column":62},"end":{"line":408,"column":4}}},"14":{"name":"(anonymous_28)","decl":{"start":{"line":415,"column":26},"end":{"line":415,"column":42}},"loc":{"start":{"line":415,"column":43},"end":{"line":415,"column":8}}},"15":{"name":"(anonymous_29)","decl":{"start":{"line":419,"column":52},"end":{"line":419,"column":53}},"loc":{"start":{"line":419,"column":84},"end":{"line":419,"column":10}}},"16":{"name":"(anonymous_30)","decl":{"start":{"line":425,"column":47},"end":{"line":425,"column":63}},"loc":{"start":{"line":425,"column":64},"end":{"line":425,"column":14}}},"17":{"name":"(anonymous_31)","decl":{"start":{"line":426,"column":51},"end":{"line":426,"column":52}},"loc":{"start":{"line":426,"column":75},"end":{"line":426,"column":16}}},"18":{"name":"(anonymous_32)","decl":{"start":{"line":441,"column":26},"end":{"line":441,"column":42}},"loc":{"start":{"line":441,"column":43},"end":{"line":441,"column":8}}},"19":{"name":"(anonymous_33)","decl":{"start":{"line":446,"column":49},"end":{"line":446,"column":64}},"loc":{"start":{"line":446,"column":65},"end":{"line":446,"column":10}}},"20":{"name":"(anonymous_34)","decl":{"start":{"line":452,"column":47},"end":{"line":452,"column":63}},"loc":{"start":{"line":452,"column":64},"end":{"line":452,"column":14}}},"21":{"name":"(anonymous_37)","decl":{"start":{"line":472,"column":18},"end":{"line":472,"column":25}},"loc":{"start":{"line":472,"column":26},"end":{"line":472,"column":4}}},"22":{"name":"(anonymous_38)","decl":{"start":{"line":473,"column":23},"end":{"line":473,"column":33}},"loc":{"start":{"line":473,"column":34},"end":{"line":473,"column":6}}},"23":{"name":"(anonymous_39)","decl":{"start":{"line":475,"column":51},"end":{"line":475,"column":62}},"loc":{"start":{"line":475,"column":63},"end":{"line":475,"column":10}}},"24":{"name":"(anonymous_40)","decl":{"start":{"line":485,"column":35},"end":{"line":485,"column":46}},"loc":{"start":{"line":485,"column":47},"end":{"line":485,"column":4}}},"25":{"name":"(anonymous_41)","decl":{"start":{"line":504,"column":33},"end":{"line":504,"column":41}},"loc":{"start":{"line":504,"column":42},"end":{"line":504,"column":0}}},"26":{"name":"(anonymous_42)","decl":{"start":{"line":506,"column":52},"end":{"line":506,"column":64}},"loc":{"start":{"line":506,"column":65},"end":{"line":506,"column":4}}},"27":{"name":"(anonymous_43)","decl":{"start":{"line":512,"column":34},"end":{"line":512,"column":39}},"loc":{"start":{"line":512,"column":40},"end":{"line":512,"column":0}}},"28":{"name":"(anonymous_44)","decl":{"start":{"line":513,"column":47},"end":{"line":513,"column":48}},"loc":{"start":{"line":513,"column":78},"end":{"line":513,"column":2}}},"29":{"name":"(anonymous_45)","decl":{"start":{"line":514,"column":23},"end":{"line":514,"column":35}},"loc":{"start":{"line":514,"column":36},"end":{"line":514,"column":4}}}},"branchMap":{"0":{"loc":{"start":{"line":8,"column":36},"end":{"line":8,"column":2}},"type":"default-arg","locations":[{"start":{"line":8,"column":36},"end":{"line":8,"column":2}}]},"1":{"loc":{"start":{"line":36,"column":32},"end":{"line":36,"column":9}},"type":"cond-expr","locations":[{"start":{"line":36,"column":32},"end":{"line":36,"column":9}},{"start":{"line":36,"column":38},"end":{"line":34,"column":13}}]},"2":{"loc":{"start":{"line":94,"column":15},"end":{"line":94,"column":26}},"type":"binary-expr","locations":[{"start":{"line":94,"column":15},"end":{"line":94,"column":26}},{"start":{"line":94,"column":27},"end":{"line":94,"column":15}}]},"3":{"loc":{"start":{"line":112,"column":14},"end":{"line":112,"column":13}},"type":"binary-expr","locations":[{"start":{"line":112,"column":14},"end":{"line":112,"column":13}},{"start":{"line":112,"column":44},"end":{"line":112,"column":10}}]},"4":{"loc":{"start":{"line":120,"column":14},"end":{"line":120,"column":13}},"type":"binary-expr","locations":[{"start":{"line":120,"column":14},"end":{"line":120,"column":13}},{"start":{"line":120,"column":44},"end":{"line":120,"column":10}}]},"5":{"loc":{"start":{"line":161,"column":20},"end":{"line":161,"column":19}},"type":"binary-expr","locations":[{"start":{"line":161,"column":20},"end":{"line":161,"column":19}},{"start":{"line":161,"column":48},"end":{"line":161,"column":16}}]},"6":{"loc":{"start":{"line":231,"column":8},"end":{"line":231,"column":25}},"type":"binary-expr","locations":[{"start":{"line":231,"column":8},"end":{"line":231,"column":25}},{"start":{"line":231,"column":26},"end":{"line":231,"column":4}}]},"7":{"loc":{"start":{"line":241,"column":34},"end":{"line":241,"column":2}},"type":"default-arg","locations":[{"start":{"line":241,"column":34},"end":{"line":241,"column":2}}]},"8":{"loc":{"start":{"line":252,"column":8},"end":{"line":252,"column":7}},"type":"binary-expr","locations":[{"start":{"line":252,"column":8},"end":{"line":252,"column":7}},{"start":{"line":252,"column":31},"end":{"line":252,"column":8}},{"start":{"line":253,"column":8},"end":{"line":252,"column":4}}]},"9":{"loc":{"start":{"line":260,"column":26},"end":{"line":260,"column":25}},"type":"binary-expr","locations":[{"start":{"line":260,"column":26},"end":{"line":260,"column":25}},{"start":{"line":260,"column":49},"end":{"line":260,"column":4}}]},"10":{"loc":{"start":{"line":261,"column":37},"end":{"line":261,"column":36}},"type":"binary-expr","locations":[{"start":{"line":261,"column":37},"end":{"line":261,"column":36}},{"start":{"line":261,"column":71},"end":{"line":261,"column":4}}]},"11":{"loc":{"start":{"line":265,"column":30},"end":{"line":265,"column":2}},"type":"default-arg","locations":[{"start":{"line":265,"column":30},"end":{"line":265,"column":2}}]},"12":{"loc":{"start":{"line":266,"column":8},"end":{"line":266,"column":7}},"type":"binary-expr","locations":[{"start":{"line":266,"column":8},"end":{"line":266,"column":7}},{"start":{"line":266,"column":31},"end":{"line":266,"column":4}}]},"13":{"loc":{"start":{"line":285,"column":48},"end":{"line":285,"column":87}},"type":"binary-expr","locations":[{"start":{"line":285,"column":48},"end":{"line":285,"column":87}},{"start":{"line":285,"column":88},"end":{"line":285,"column":47}}]},"14":{"loc":{"start":{"line":332,"column":40},"end":{"line":332,"column":73}},"type":"binary-expr","locations":[{"start":{"line":332,"column":40},"end":{"line":332,"column":73}},{"start":{"line":332,"column":74},"end":{"line":332,"column":39}}]},"15":{"loc":{"start":{"line":338,"column":69},"end":{"line":338,"column":109}},"type":"binary-expr","locations":[{"start":{"line":338,"column":69},"end":{"line":338,"column":109}},{"start":{"line":338,"column":110},"end":{"line":338,"column":12}}]},"16":{"loc":{"start":{"line":343,"column":52},"end":{"line":343,"column":91}},"type":"binary-expr","locations":[{"start":{"line":343,"column":52},"end":{"line":343,"column":91}},{"start":{"line":343,"column":92},"end":{"line":343,"column":51}}]},"17":{"loc":{"start":{"line":356,"column":10},"end":{"line":356,"column":9}},"type":"binary-expr","locations":[{"start":{"line":356,"column":10},"end":{"line":356,"column":9}},{"start":{"line":356,"column":31},"end":{"line":356,"column":6}}]},"18":{"loc":{"start":{"line":359,"column":10},"end":{"line":359,"column":9}},"type":"binary-expr","locations":[{"start":{"line":359,"column":10},"end":{"line":359,"column":9}},{"start":{"line":360,"column":10},"end":{"line":359,"column":6}}]},"19":{"loc":{"start":{"line":364,"column":12},"end":{"line":364,"column":11}},"type":"binary-expr","locations":[{"start":{"line":364,"column":12},"end":{"line":364,"column":11}},{"start":{"line":365,"column":13},"end":{"line":364,"column":8}}]},"20":{"loc":{"start":{"line":389,"column":26},"end":{"line":389,"column":25}},"type":"binary-expr","locations":[{"start":{"line":389,"column":26},"end":{"line":389,"column":25}},{"start":{"line":389,"column":49},"end":{"line":389,"column":4}}]},"21":{"loc":{"start":{"line":394,"column":8},"end":{"line":394,"column":7}},"type":"binary-expr","locations":[{"start":{"line":394,"column":8},"end":{"line":394,"column":7}},{"start":{"line":394,"column":31},"end":{"line":394,"column":4}}]},"22":{"loc":{"start":{"line":417,"column":12},"end":{"line":417,"column":48}},"type":"binary-expr","locations":[{"start":{"line":417,"column":12},"end":{"line":417,"column":48}},{"start":{"line":417,"column":49},"end":{"line":416,"column":10}}]},"23":{"loc":{"start":{"line":427,"column":53},"end":{"line":427,"column":88}},"type":"binary-expr","locations":[{"start":{"line":427,"column":53},"end":{"line":427,"column":88}},{"start":{"line":427,"column":89},"end":{"line":427,"column":18}}]},"24":{"loc":{"start":{"line":428,"column":64},"end":{"line":428,"column":110}},"type":"binary-expr","locations":[{"start":{"line":428,"column":64},"end":{"line":428,"column":110}},{"start":{"line":428,"column":111},"end":{"line":428,"column":18}}]},"25":{"loc":{"start":{"line":443,"column":12},"end":{"line":443,"column":48}},"type":"binary-expr","locations":[{"start":{"line":443,"column":12},"end":{"line":443,"column":48}},{"start":{"line":443,"column":49},"end":{"line":442,"column":10}}]},"26":{"loc":{"start":{"line":461,"column":26},"end":{"line":461,"column":25}},"type":"binary-expr","locations":[{"start":{"line":461,"column":26},"end":{"line":461,"column":25}},{"start":{"line":461,"column":49},"end":{"line":461,"column":4}}]},"27":{"loc":{"start":{"line":477,"column":34},"end":{"line":477,"column":56}},"type":"binary-expr","locations":[{"start":{"line":477,"column":34},"end":{"line":477,"column":56}},{"start":{"line":477,"column":57},"end":{"line":477,"column":12}}]}},"s":{"0":1,"1":0,"2":0,"3":0,"4":0,"5":0,"6":0,"7":0,"8":0,"9":0,"10":0,"11":0,"12":0,"13":0,"14":0,"15":0,"16":0,"17":0,"18":0,"19":0,"20":0,"21":0,"22":0,"23":0,"24":0,"25":0,"26":0,"27":0,"28":0,"29":0,"30":0,"31":0,"32":0,"33":0,"34":0,"35":0,"36":0,"37":0,"38":0,"39":0,"40":0,"41":0,"42":0,"43":0,"44":1,"45":1,"46":1,"47":1},"f":{"0":0,"1":0,"2":0,"3":0,"4":0,"5":0,"6":0,"7":0,"8":0,"9":0,"10":0,"11":0,"12":0,"13":0,"14":0,"15":0,"16":0,"17":0,"18":0,"19":0,"20":0,"21":0,"22":0,"23":0,"24":0,"25":0,"26":0,"27":0,"28":0,"29":0},"b":{"0":[0],"1":[0,0],"2":[0,0],"3":[0,0],"4":[0,0],"5":[0,0],"6":[0,0],"7":[0],"8":[0,0,0],"9":[0,0],"10":[0,0],"11":[0],"12":[0,0],"13":[0,0],"14":[0,0],"15":[0,0],"16":[0,0],"17":[0,0],"18":[0,0],"19":[0,0],"20":[0,0],"21":[0,0],"22":[0,0],"23":[0,0],"24":[0,0],"25":[0,0],"26":[0,0],"27":[0,0]}}
,"/media/data/Repositories/mure-library/src/main.js": {"path":"/media/data/Repositories/mure-library/src/main.js","statementMap":{"0":{"start":{"line":4,"column":10},"end":{"line":4,"column":0}},"1":{"start":{"line":6,"column":0},"end":{"line":null,"column":-1}},"2":{"start":{"line":6,"column":43},"end":{"line":6,"column":26}},"3":{"start":{"line":8,"column":14},"end":{"line":8,"column":0}},"4":{"start":{"line":12,"column":11},"end":{"line":12,"column":0}},"5":{"start":{"line":13,"column":0},"end":{"line":null,"column":-1}}},"fnMap":{"0":{"name":"(anonymous_334)","decl":{"start":{"line":6,"column":37},"end":{"line":6,"column":42}},"loc":{"start":{"line":6,"column":43},"end":{"line":6,"column":26}}}},"branchMap":{},"s":{"0":1,"1":1,"2":1,"3":1,"4":1,"5":1},"f":{"0":1},"b":{}}
,"/media/data/Repositories/mure-library/src/Common/Introspectable.js": {"path":"/media/data/Repositories/mure-library/src/Common/Introspectable.js","statementMap":{"0":{"start":{"line":12,"column":0},"end":{"line":null,"column":-1}},"1":{"start":{"line":17,"column":0},"end":{"line":null,"column":-1}},"2":{"start":{"line":19,"column":17},"end":{"line":19,"column":4}},"3":{"start":{"line":23,"column":0},"end":{"line":null,"column":-1}}},"fnMap":{},"branchMap":{},"s":{"0":1,"1":1,"2":6,"3":1},"f":{},"b":{}}
,"/media/data/Repositories/mure-library/src/Operations/AssignClassOperation.js": {"path":"/media/data/Repositories/mure-library/src/Operations/AssignClassOperation.js","statementMap":{"0":{"start":{"line":9,"column":19},"end":{"line":9,"column":4}},"1":{"start":{"line":10,"column":20},"end":{"line":10,"column":4}},"2":{"start":{"line":34,"column":19},"end":{"line":34,"column":4}},"3":{"start":{"line":35,"column":20},"end":{"line":35,"column":4}}},"fnMap":{},"branchMap":{"0":{"loc":{"start":{"line":30,"column":12},"end":{"line":30,"column":11}},"type":"binary-expr","locations":[{"start":{"line":30,"column":12},"end":{"line":30,"column":11}},{"start":{"line":31,"column":6},"end":{"line":30,"column":4}}]}},"s":{"0":0,"1":0,"2":0,"3":0},"f":{},"b":{"0":[0,0]}}
,"/media/data/Repositories/mure-library/src/Operations/AttachOperation.js": {"path":"/media/data/Repositories/mure-library/src/Operations/AttachOperation.js","statementMap":{"0":{"start":{"line":9,"column":29},"end":{"line":9,"column":0}},"1":{"start":{"line":13,"column":19},"end":{"line":13,"column":4}},"2":{"start":{"line":17,"column":20},"end":{"line":17,"column":4}},"3":{"start":{"line":37,"column":18},"end":{"line":37,"column":4}},"4":{"start":{"line":59,"column":17},"end":{"line":59,"column":4}},"5":{"start":{"line":131,"column":22},"end":{"line":131,"column":6}},"6":{"start":{"line":132,"column":22},"end":{"line":132,"column":6}},"7":{"start":{"line":134,"column":22},"end":{"line":133,"column":13}},"8":{"start":{"line":136,"column":24},"end":{"line":135,"column":8}},"9":{"start":{"line":138,"column":24},"end":{"line":138,"column":6}},"10":{"start":{"line":139,"column":20},"end":{"line":139,"column":6}},"11":{"start":{"line":140,"column":20},"end":{"line":140,"column":6}},"12":{"start":{"line":172,"column":21},"end":{"line":172,"column":4}},"13":{"start":{"line":176,"column":11},"end":{"line":175,"column":8}},"14":{"start":{"line":179,"column":11},"end":{"line":178,"column":8}},"15":{"start":{"line":191,"column":19},"end":{"line":191,"column":4}},"16":{"start":{"line":211,"column":27},"end":{"line":211,"column":6}},"17":{"start":{"line":212,"column":18},"end":{"line":211,"column":27}},"18":{"start":{"line":213,"column":18},"end":{"line":211,"column":6}},"19":{"start":{"line":214,"column":27},"end":{"line":214,"column":6}},"20":{"start":{"line":215,"column":18},"end":{"line":214,"column":27}},"21":{"start":{"line":216,"column":18},"end":{"line":214,"column":6}},"22":{"start":{"line":217,"column":36},"end":{"line":217,"column":6}},"23":{"start":{"line":236,"column":19},"end":{"line":236,"column":4}},"24":{"start":{"line":261,"column":21},"end":{"line":261,"column":4}}},"fnMap":{"0":{"name":"(anonymous_264)","decl":{"start":{"line":134,"column":14},"end":{"line":134,"column":21}},"loc":{"start":{"line":134,"column":22},"end":{"line":133,"column":13}}},"1":{"name":"(anonymous_265)","decl":{"start":{"line":136,"column":16},"end":{"line":136,"column":23}},"loc":{"start":{"line":136,"column":24},"end":{"line":135,"column":8}}},"2":{"name":"(anonymous_266)","decl":{"start":{"line":141,"column":43},"end":{"line":141,"column":50}},"loc":{"start":{"line":141,"column":51},"end":{"line":141,"column":13}}},"3":{"name":"(anonymous_269)","decl":{"start":{"line":212,"column":10},"end":{"line":212,"column":17}},"loc":{"start":{"line":212,"column":18},"end":{"line":211,"column":27}}},"4":{"name":"(anonymous_270)","decl":{"start":{"line":213,"column":10},"end":{"line":213,"column":17}},"loc":{"start":{"line":213,"column":18},"end":{"line":211,"column":6}}},"5":{"name":"(anonymous_271)","decl":{"start":{"line":215,"column":10},"end":{"line":215,"column":17}},"loc":{"start":{"line":215,"column":18},"end":{"line":214,"column":27}}},"6":{"name":"(anonymous_272)","decl":{"start":{"line":216,"column":10},"end":{"line":216,"column":17}},"loc":{"start":{"line":216,"column":18},"end":{"line":214,"column":6}}},"7":{"name":"(anonymous_273)","decl":{"start":{"line":217,"column":20},"end":{"line":217,"column":21}},"loc":{"start":{"line":217,"column":36},"end":{"line":217,"column":6}}},"8":{"name":"(anonymous_274)","decl":{"start":{"line":267,"column":21},"end":{"line":267,"column":28}},"loc":{"start":{"line":267,"column":29},"end":{"line":267,"column":4}}},"9":{"name":"(anonymous_275)","decl":{"start":{"line":268,"column":23},"end":{"line":268,"column":30}},"loc":{"start":{"line":268,"column":31},"end":{"line":268,"column":6}}}},"branchMap":{"0":{"loc":{"start":{"line":72,"column":14},"end":{"line":72,"column":13}},"type":"binary-expr","locations":[{"start":{"line":72,"column":14},"end":{"line":72,"column":13}},{"start":{"line":72,"column":36},"end":{"line":72,"column":10}}]},"1":{"loc":{"start":{"line":77,"column":19},"end":{"line":77,"column":18}},"type":"binary-expr","locations":[{"start":{"line":77,"column":19},"end":{"line":77,"column":18}},{"start":{"line":77,"column":41},"end":{"line":77,"column":15}}]},"2":{"loc":{"start":{"line":88,"column":12},"end":{"line":88,"column":11}},"type":"binary-expr","locations":[{"start":{"line":88,"column":12},"end":{"line":88,"column":11}},{"start":{"line":88,"column":34},"end":{"line":88,"column":8}}]},"3":{"loc":{"start":{"line":119,"column":9},"end":{"line":119,"column":8}},"type":"binary-expr","locations":[{"start":{"line":119,"column":9},"end":{"line":119,"column":8}},{"start":{"line":120,"column":9},"end":{"line":119,"column":9}},{"start":{"line":121,"column":9},"end":{"line":119,"column":8}},{"start":{"line":122,"column":9},"end":{"line":122,"column":8}},{"start":{"line":123,"column":9},"end":{"line":122,"column":9}},{"start":{"line":124,"column":9},"end":{"line":119,"column":8}}]},"4":{"loc":{"start":{"line":128,"column":10},"end":{"line":128,"column":9}},"type":"binary-expr","locations":[{"start":{"line":128,"column":10},"end":{"line":128,"column":9}},{"start":{"line":128,"column":33},"end":{"line":128,"column":6}}]},"5":{"loc":{"start":{"line":133,"column":13},"end":{"line":135,"column":7}},"type":"binary-expr","locations":[{"start":{"line":133,"column":13},"end":{"line":135,"column":7}},{"start":{"line":135,"column":8},"end":{"line":133,"column":6}}]},"6":{"loc":{"start":{"line":147,"column":15},"end":{"line":147,"column":25}},"type":"binary-expr","locations":[{"start":{"line":147,"column":15},"end":{"line":147,"column":25}},{"start":{"line":147,"column":26},"end":{"line":147,"column":8}}]},"7":{"loc":{"start":{"line":156,"column":38},"end":{"line":155,"column":8}},"type":"binary-expr","locations":[{"start":{"line":156,"column":38},"end":{"line":155,"column":8}}]},"8":{"loc":{"start":{"line":166,"column":13},"end":{"line":166,"column":12}},"type":"binary-expr","locations":[{"start":{"line":166,"column":13},"end":{"line":166,"column":12}},{"start":{"line":166,"column":43},"end":{"line":166,"column":6}}]},"9":{"loc":{"start":{"line":176,"column":11},"end":{"line":176,"column":10}},"type":"binary-expr","locations":[{"start":{"line":176,"column":11},"end":{"line":176,"column":10}},{"start":{"line":176,"column":68},"end":{"line":176,"column":10}},{"start":{"line":177,"column":11},"end":{"line":177,"column":10}},{"start":{"line":177,"column":68},"end":{"line":175,"column":8}}]},"10":{"loc":{"start":{"line":179,"column":11},"end":{"line":179,"column":10}},"type":"binary-expr","locations":[{"start":{"line":179,"column":11},"end":{"line":179,"column":10}},{"start":{"line":179,"column":68},"end":{"line":179,"column":10}},{"start":{"line":180,"column":11},"end":{"line":180,"column":10}},{"start":{"line":180,"column":68},"end":{"line":178,"column":8}}]},"11":{"loc":{"start":{"line":181,"column":12},"end":{"line":181,"column":19}},"type":"binary-expr","locations":[{"start":{"line":181,"column":12},"end":{"line":181,"column":19}},{"start":{"line":181,"column":20},"end":{"line":181,"column":12}},{"start":{"line":181,"column":28},"end":{"line":181,"column":8}}]},"12":{"loc":{"start":{"line":200,"column":40},"end":{"line":199,"column":24}},"type":"binary-expr","locations":[{"start":{"line":200,"column":40},"end":{"line":199,"column":24}}]},"13":{"loc":{"start":{"line":212,"column":10},"end":{"line":211,"column":27}},"type":"cond-expr","locations":[{"start":{"line":212,"column":10},"end":{"line":211,"column":27}},{"start":{"line":213,"column":10},"end":{"line":211,"column":6}}]},"14":{"loc":{"start":{"line":215,"column":10},"end":{"line":214,"column":27}},"type":"cond-expr","locations":[{"start":{"line":215,"column":10},"end":{"line":214,"column":27}},{"start":{"line":216,"column":10},"end":{"line":214,"column":6}}]},"15":{"loc":{"start":{"line":222,"column":10},"end":{"line":222,"column":9}},"type":"binary-expr","locations":[{"start":{"line":222,"column":10},"end":{"line":222,"column":9}},{"start":{"line":223,"column":10},"end":{"line":222,"column":6}}]},"16":{"loc":{"start":{"line":225,"column":17},"end":{"line":225,"column":16}},"type":"binary-expr","locations":[{"start":{"line":225,"column":17},"end":{"line":225,"column":16}},{"start":{"line":226,"column":17},"end":{"line":225,"column":13}}]},"17":{"loc":{"start":{"line":229,"column":64},"end":{"line":229,"column":63}},"type":"binary-expr","locations":[{"start":{"line":229,"column":64},"end":{"line":229,"column":63}},{"start":{"line":229,"column":86},"end":{"line":229,"column":110}}]},"18":{"loc":{"start":{"line":250,"column":15},"end":{"line":250,"column":14}},"type":"binary-expr","locations":[{"start":{"line":250,"column":15},"end":{"line":250,"column":14}},{"start":{"line":251,"column":15},"end":{"line":250,"column":11}}]},"19":{"loc":{"start":{"line":253,"column":15},"end":{"line":253,"column":14}},"type":"binary-expr","locations":[{"start":{"line":253,"column":15},"end":{"line":253,"column":14}},{"start":{"line":254,"column":15},"end":{"line":253,"column":11}}]},"20":{"loc":{"start":{"line":257,"column":62},"end":{"line":257,"column":61}},"type":"binary-expr","locations":[{"start":{"line":257,"column":62},"end":{"line":257,"column":61}},{"start":{"line":257,"column":84},"end":{"line":257,"column":108}}]},"21":{"loc":{"start":{"line":269,"column":12},"end":{"line":269,"column":11}},"type":"binary-expr","locations":[{"start":{"line":269,"column":12},"end":{"line":269,"column":11}},{"start":{"line":270,"column":12},"end":{"line":269,"column":12}},{"start":{"line":271,"column":12},"end":{"line":269,"column":8}}]}},"s":{"0":1,"1":0,"2":0,"3":0,"4":0,"5":0,"6":0,"7":0,"8":0,"9":0,"10":0,"11":0,"12":0,"13":0,"14":0,"15":0,"16":0,"17":0,"18":0,"19":0,"20":0,"21":0,"22":0,"23":0,"24":0},"f":{"0":0,"1":0,"2":0,"3":0,"4":0,"5":0,"6":0,"7":0,"8":0,"9":0},"b":{"0":[0,0],"1":[0,0],"2":[0,0],"3":[0,0,0,0,0,0],"4":[0,0],"5":[0,0],"6":[0,0],"7":[0],"8":[0,0],"9":[0,0,0,0],"10":[0,0,0,0],"11":[0,0,0],"12":[0],"13":[0,0],"14":[0,0],"15":[0,0],"16":[0,0],"17":[0,0],"18":[0,0],"19":[0,0],"20":[0,0],"21":[0,0,0]}}
,"/media/data/Repositories/mure-library/src/Operations/ConnectOperation.js": {"path":"/media/data/Repositories/mure-library/src/Operations/ConnectOperation.js","statementMap":{"0":{"start":{"line":9,"column":29},"end":{"line":9,"column":0}},"1":{"start":{"line":13,"column":19},"end":{"line":13,"column":4}},"2":{"start":{"line":17,"column":20},"end":{"line":17,"column":4}},"3":{"start":{"line":37,"column":20},"end":{"line":37,"column":4}},"4":{"start":{"line":51,"column":22},"end":{"line":51,"column":4}},"5":{"start":{"line":61,"column":17},"end":{"line":61,"column":4}},"6":{"start":{"line":148,"column":18},"end":{"line":148,"column":6}},"7":{"start":{"line":149,"column":24},"end":{"line":149,"column":6}},"8":{"start":{"line":151,"column":22},"end":{"line":150,"column":13}},"9":{"start":{"line":153,"column":24},"end":{"line":152,"column":8}},"10":{"start":{"line":155,"column":20},"end":{"line":155,"column":6}},"11":{"start":{"line":156,"column":18},"end":{"line":156,"column":6}},"12":{"start":{"line":157,"column":30},"end":{"line":157,"column":6}},"13":{"start":{"line":192,"column":23},"end":{"line":192,"column":4}},"14":{"start":{"line":196,"column":26},"end":{"line":196,"column":10}},"15":{"start":{"line":207,"column":19},"end":{"line":207,"column":4}},"16":{"start":{"line":233,"column":29},"end":{"line":233,"column":6}},"17":{"start":{"line":234,"column":20},"end":{"line":233,"column":29}},"18":{"start":{"line":235,"column":20},"end":{"line":233,"column":6}},"19":{"start":{"line":236,"column":29},"end":{"line":236,"column":6}},"20":{"start":{"line":237,"column":20},"end":{"line":236,"column":29}},"21":{"start":{"line":238,"column":20},"end":{"line":236,"column":6}},"22":{"start":{"line":239,"column":40},"end":{"line":239,"column":6}},"23":{"start":{"line":260,"column":23},"end":{"line":260,"column":4}},"24":{"start":{"line":272,"column":22},"end":{"line":272,"column":4}},"25":{"start":{"line":288,"column":23},"end":{"line":288,"column":4}},"26":{"start":{"line":299,"column":26},"end":{"line":299,"column":10}}},"fnMap":{"0":{"name":"(anonymous_246)","decl":{"start":{"line":151,"column":14},"end":{"line":151,"column":21}},"loc":{"start":{"line":151,"column":22},"end":{"line":150,"column":13}}},"1":{"name":"(anonymous_247)","decl":{"start":{"line":153,"column":16},"end":{"line":153,"column":23}},"loc":{"start":{"line":153,"column":24},"end":{"line":152,"column":8}}},"2":{"name":"(anonymous_248)","decl":{"start":{"line":157,"column":56},"end":{"line":157,"column":63}},"loc":{"start":{"line":157,"column":64},"end":{"line":157,"column":30}}},"3":{"name":"(anonymous_251)","decl":{"start":{"line":234,"column":10},"end":{"line":234,"column":19}},"loc":{"start":{"line":234,"column":20},"end":{"line":233,"column":29}}},"4":{"name":"(anonymous_252)","decl":{"start":{"line":235,"column":10},"end":{"line":235,"column":19}},"loc":{"start":{"line":235,"column":20},"end":{"line":233,"column":6}}},"5":{"name":"(anonymous_253)","decl":{"start":{"line":237,"column":10},"end":{"line":237,"column":19}},"loc":{"start":{"line":237,"column":20},"end":{"line":236,"column":29}}},"6":{"name":"(anonymous_254)","decl":{"start":{"line":238,"column":10},"end":{"line":238,"column":19}},"loc":{"start":{"line":238,"column":20},"end":{"line":236,"column":6}}},"7":{"name":"(anonymous_255)","decl":{"start":{"line":239,"column":20},"end":{"line":239,"column":21}},"loc":{"start":{"line":239,"column":40},"end":{"line":239,"column":6}}},"8":{"name":"(anonymous_256)","decl":{"start":{"line":294,"column":23},"end":{"line":294,"column":32}},"loc":{"start":{"line":294,"column":33},"end":{"line":294,"column":4}}},"9":{"name":"(anonymous_257)","decl":{"start":{"line":295,"column":25},"end":{"line":295,"column":34}},"loc":{"start":{"line":295,"column":35},"end":{"line":295,"column":6}}}},"branchMap":{"0":{"loc":{"start":{"line":76,"column":14},"end":{"line":76,"column":13}},"type":"binary-expr","locations":[{"start":{"line":76,"column":14},"end":{"line":76,"column":13}},{"start":{"line":76,"column":38},"end":{"line":76,"column":10}}]},"1":{"loc":{"start":{"line":81,"column":19},"end":{"line":81,"column":18}},"type":"binary-expr","locations":[{"start":{"line":81,"column":19},"end":{"line":81,"column":18}},{"start":{"line":81,"column":43},"end":{"line":81,"column":15}}]},"2":{"loc":{"start":{"line":94,"column":19},"end":{"line":94,"column":18}},"type":"binary-expr","locations":[{"start":{"line":94,"column":19},"end":{"line":94,"column":18}},{"start":{"line":94,"column":43},"end":{"line":94,"column":15}}]},"3":{"loc":{"start":{"line":136,"column":9},"end":{"line":136,"column":8}},"type":"binary-expr","locations":[{"start":{"line":136,"column":9},"end":{"line":136,"column":8}},{"start":{"line":137,"column":9},"end":{"line":136,"column":9}},{"start":{"line":138,"column":9},"end":{"line":136,"column":8}},{"start":{"line":139,"column":9},"end":{"line":139,"column":8}},{"start":{"line":140,"column":9},"end":{"line":139,"column":9}},{"start":{"line":141,"column":9},"end":{"line":136,"column":8}}]},"4":{"loc":{"start":{"line":145,"column":10},"end":{"line":145,"column":9}},"type":"binary-expr","locations":[{"start":{"line":145,"column":10},"end":{"line":145,"column":9}},{"start":{"line":145,"column":35},"end":{"line":145,"column":6}}]},"5":{"loc":{"start":{"line":150,"column":13},"end":{"line":152,"column":7}},"type":"binary-expr","locations":[{"start":{"line":150,"column":13},"end":{"line":152,"column":7}},{"start":{"line":152,"column":8},"end":{"line":150,"column":6}}]},"6":{"loc":{"start":{"line":175,"column":38},"end":{"line":174,"column":8}},"type":"binary-expr","locations":[{"start":{"line":175,"column":38},"end":{"line":174,"column":8}}]},"7":{"loc":{"start":{"line":185,"column":13},"end":{"line":185,"column":12}},"type":"binary-expr","locations":[{"start":{"line":185,"column":13},"end":{"line":185,"column":12}},{"start":{"line":185,"column":45},"end":{"line":185,"column":6}}]},"8":{"loc":{"start":{"line":222,"column":40},"end":{"line":221,"column":24}},"type":"binary-expr","locations":[{"start":{"line":222,"column":40},"end":{"line":221,"column":24}}]},"9":{"loc":{"start":{"line":234,"column":10},"end":{"line":233,"column":29}},"type":"cond-expr","locations":[{"start":{"line":234,"column":10},"end":{"line":233,"column":29}},{"start":{"line":235,"column":10},"end":{"line":233,"column":6}}]},"10":{"loc":{"start":{"line":237,"column":10},"end":{"line":236,"column":29}},"type":"cond-expr","locations":[{"start":{"line":237,"column":10},"end":{"line":236,"column":29}},{"start":{"line":238,"column":10},"end":{"line":236,"column":6}}]},"11":{"loc":{"start":{"line":246,"column":17},"end":{"line":246,"column":16}},"type":"binary-expr","locations":[{"start":{"line":246,"column":17},"end":{"line":246,"column":16}},{"start":{"line":247,"column":10},"end":{"line":246,"column":13}}]},"12":{"loc":{"start":{"line":249,"column":17},"end":{"line":249,"column":16}},"type":"binary-expr","locations":[{"start":{"line":249,"column":17},"end":{"line":249,"column":16}},{"start":{"line":250,"column":17},"end":{"line":249,"column":13}}]},"13":{"loc":{"start":{"line":253,"column":66},"end":{"line":253,"column":65}},"type":"binary-expr","locations":[{"start":{"line":253,"column":66},"end":{"line":253,"column":65}},{"start":{"line":253,"column":90},"end":{"line":253,"column":116}}]},"14":{"loc":{"start":{"line":272,"column":61},"end":{"line":272,"column":22}},"type":"cond-expr","locations":[{"start":{"line":272,"column":61},"end":{"line":272,"column":22}},{"start":{"line":272,"column":72},"end":{"line":272,"column":4}}]},"15":{"loc":{"start":{"line":277,"column":15},"end":{"line":277,"column":14}},"type":"binary-expr","locations":[{"start":{"line":277,"column":15},"end":{"line":277,"column":14}},{"start":{"line":278,"column":15},"end":{"line":277,"column":11}}]},"16":{"loc":{"start":{"line":280,"column":15},"end":{"line":280,"column":14}},"type":"binary-expr","locations":[{"start":{"line":280,"column":15},"end":{"line":280,"column":14}},{"start":{"line":281,"column":15},"end":{"line":280,"column":11}}]},"17":{"loc":{"start":{"line":284,"column":64},"end":{"line":284,"column":63}},"type":"binary-expr","locations":[{"start":{"line":284,"column":64},"end":{"line":284,"column":63}},{"start":{"line":284,"column":88},"end":{"line":284,"column":114}}]},"18":{"loc":{"start":{"line":296,"column":12},"end":{"line":296,"column":11}},"type":"binary-expr","locations":[{"start":{"line":296,"column":12},"end":{"line":296,"column":11}},{"start":{"line":297,"column":12},"end":{"line":296,"column":12}},{"start":{"line":298,"column":12},"end":{"line":296,"column":8}}]}},"s":{"0":1,"1":0,"2":0,"3":0,"4":0,"5":0,"6":0,"7":0,"8":0,"9":0,"10":0,"11":0,"12":0,"13":0,"14":0,"15":0,"16":0,"17":0,"18":0,"19":0,"20":0,"21":0,"22":0,"23":0,"24":0,"25":0,"26":0},"f":{"0":0,"1":0,"2":0,"3":0,"4":0,"5":0,"6":0,"7":0,"8":0,"9":0},"b":{"0":[0,0],"1":[0,0],"2":[0,0],"3":[0,0,0,0,0,0],"4":[0,0],"5":[0,0],"6":[0],"7":[0,0],"8":[0],"9":[0,0],"10":[0,0],"11":[0,0],"12":[0,0],"13":[0,0],"14":[0,0],"15":[0,0],"16":[0,0],"17":[0,0],"18":[0,0,0]}}
,"/media/data/Repositories/mure-library/src/Operations/ConvertOperation.js": {"path":"/media/data/Repositories/mure-library/src/Operations/ConvertOperation.js","statementMap":{"0":{"start":{"line":17,"column":27},"end":{"line":17,"column":4}},"1":{"start":{"line":32,"column":19},"end":{"line":32,"column":4}},"2":{"start":{"line":33,"column":20},"end":{"line":33,"column":4}},"3":{"start":{"line":55,"column":23},"end":{"line":55,"column":4}},"4":{"start":{"line":59,"column":19},"end":{"line":59,"column":4}},"5":{"start":{"line":60,"column":23},"end":{"line":60,"column":4}}},"fnMap":{"0":{"name":"(anonymous_222)","decl":{"start":{"line":27,"column":27},"end":{"line":27,"column":40}},"loc":{"start":{"line":27,"column":41},"end":{"line":27,"column":4}}},"1":{"name":"(anonymous_224)","decl":{"start":{"line":40,"column":28},"end":{"line":40,"column":37}},"loc":{"start":{"line":40,"column":38},"end":{"line":40,"column":4}}},"2":{"name":"(anonymous_226)","decl":{"start":{"line":47,"column":48},"end":{"line":47,"column":61}},"loc":{"start":{"line":47,"column":62},"end":{"line":47,"column":11}}}},"branchMap":{"0":{"loc":{"start":{"line":56,"column":11},"end":{"line":56,"column":24}},"type":"binary-expr","locations":[{"start":{"line":56,"column":11},"end":{"line":56,"column":24}},{"start":{"line":56,"column":25},"end":{"line":56,"column":4}}]}},"s":{"0":1,"1":0,"2":0,"3":0,"4":0,"5":0},"f":{"0":7,"1":0,"2":0},"b":{"0":[0,0]}}
,"/media/data/Repositories/mure-library/src/Operations/FilterOperation.js": {"path":"/media/data/Repositories/mure-library/src/Operations/FilterOperation.js","statementMap":{"0":{"start":{"line":7,"column":28},"end":{"line":7,"column":0}},"1":{"start":{"line":11,"column":19},"end":{"line":11,"column":4}},"2":{"start":{"line":12,"column":20},"end":{"line":12,"column":4}},"3":{"start":{"line":57,"column":19},"end":{"line":57,"column":4}}},"fnMap":{"0":{"name":"(anonymous_203)","decl":{"start":{"line":75,"column":23},"end":{"line":75,"column":30}},"loc":{"start":{"line":75,"column":31},"end":{"line":75,"column":6}}},"1":{"name":"(anonymous_204)","decl":{"start":{"line":79,"column":51},"end":{"line":79,"column":58}},"loc":{"start":{"line":79,"column":59},"end":{"line":79,"column":4}}}},"branchMap":{"0":{"loc":{"start":{"line":43,"column":38},"end":{"line":42,"column":8}},"type":"binary-expr","locations":[{"start":{"line":43,"column":38},"end":{"line":42,"column":8}}]},"1":{"loc":{"start":{"line":64,"column":40},"end":{"line":63,"column":27}},"type":"binary-expr","locations":[{"start":{"line":64,"column":40},"end":{"line":63,"column":27}}]},"2":{"loc":{"start":{"line":76,"column":15},"end":{"line":76,"column":14}},"type":"binary-expr","locations":[{"start":{"line":76,"column":15},"end":{"line":76,"column":14}},{"start":{"line":76,"column":34},"end":{"line":76,"column":8}}]}},"s":{"0":1,"1":0,"2":0,"3":0},"f":{"0":0,"1":0},"b":{"0":[0],"1":[0],"2":[0,0]}}
,"/media/data/Repositories/mure-library/src/Operations/SelectAllOperation.js": {"path":"/media/data/Repositories/mure-library/src/Operations/SelectAllOperation.js","statementMap":{"0":{"start":{"line":9,"column":19},"end":{"line":9,"column":4}},"1":{"start":{"line":10,"column":20},"end":{"line":10,"column":4}},"2":{"start":{"line":18,"column":22},"end":{"line":18,"column":4}},"3":{"start":{"line":40,"column":17},"end":{"line":40,"column":4}},"4":{"start":{"line":77,"column":19},"end":{"line":77,"column":4}},"5":{"start":{"line":78,"column":22},"end":{"line":78,"column":4}},"6":{"start":{"line":79,"column":20},"end":{"line":79,"column":4}},"7":{"start":{"line":86,"column":29},"end":{"line":85,"column":26}},"8":{"start":{"line":97,"column":21},"end":{"line":96,"column":44}},"9":{"start":{"line":104,"column":21},"end":{"line":103,"column":44}},"10":{"start":{"line":110,"column":24},"end":{"line":110,"column":6}},"11":{"start":{"line":111,"column":26},"end":{"line":111,"column":6}},"12":{"start":{"line":132,"column":28},"end":{"line":132,"column":4}},"13":{"start":{"line":135,"column":21},"end":{"line":135,"column":6}},"14":{"start":{"line":140,"column":30},"end":{"line":139,"column":28}},"15":{"start":{"line":142,"column":32},"end":{"line":141,"column":18}}},"fnMap":{"0":{"name":"(anonymous_185)","decl":{"start":{"line":86,"column":13},"end":{"line":86,"column":28}},"loc":{"start":{"line":86,"column":29},"end":{"line":85,"column":26}}},"1":{"name":"(anonymous_186)","decl":{"start":{"line":97,"column":13},"end":{"line":97,"column":20}},"loc":{"start":{"line":97,"column":21},"end":{"line":96,"column":44}}},"2":{"name":"(anonymous_187)","decl":{"start":{"line":104,"column":13},"end":{"line":104,"column":20}},"loc":{"start":{"line":104,"column":21},"end":{"line":103,"column":44}}},"3":{"name":"(anonymous_190)","decl":{"start":{"line":140,"column":18},"end":{"line":140,"column":29}},"loc":{"start":{"line":140,"column":30},"end":{"line":139,"column":28}}},"4":{"name":"(anonymous_191)","decl":{"start":{"line":142,"column":20},"end":{"line":142,"column":31}},"loc":{"start":{"line":142,"column":32},"end":{"line":141,"column":18}}}},"branchMap":{"0":{"loc":{"start":{"line":56,"column":13},"end":{"line":56,"column":12}},"type":"binary-expr","locations":[{"start":{"line":56,"column":13},"end":{"line":56,"column":12}},{"start":{"line":57,"column":8},"end":{"line":56,"column":6}}]},"1":{"loc":{"start":{"line":59,"column":15},"end":{"line":59,"column":14}},"type":"binary-expr","locations":[{"start":{"line":59,"column":15},"end":{"line":59,"column":14}},{"start":{"line":60,"column":8},"end":{"line":59,"column":13}}]},"2":{"loc":{"start":{"line":62,"column":13},"end":{"line":62,"column":12}},"type":"binary-expr","locations":[{"start":{"line":62,"column":13},"end":{"line":62,"column":12}},{"start":{"line":63,"column":8},"end":{"line":62,"column":6}}]},"3":{"loc":{"start":{"line":65,"column":13},"end":{"line":65,"column":12}},"type":"binary-expr","locations":[{"start":{"line":65,"column":13},"end":{"line":65,"column":12}},{"start":{"line":66,"column":8},"end":{"line":65,"column":6}}]},"4":{"loc":{"start":{"line":68,"column":13},"end":{"line":68,"column":12}},"type":"binary-expr","locations":[{"start":{"line":68,"column":13},"end":{"line":68,"column":12}},{"start":{"line":69,"column":8},"end":{"line":68,"column":6}}]},"5":{"loc":{"start":{"line":78,"column":22},"end":{"line":78,"column":21}},"type":"binary-expr","locations":[{"start":{"line":78,"column":22},"end":{"line":78,"column":21}},{"start":{"line":78,"column":48},"end":{"line":78,"column":4}}]},"6":{"loc":{"start":{"line":79,"column":46},"end":{"line":79,"column":20}},"type":"cond-expr","locations":[{"start":{"line":79,"column":46},"end":{"line":79,"column":20}},{"start":{"line":80,"column":8},"end":{"line":79,"column":4}}]},"7":{"loc":{"start":{"line":80,"column":35},"end":{"line":80,"column":8}},"type":"cond-expr","locations":[{"start":{"line":80,"column":35},"end":{"line":80,"column":8}},{"start":{"line":81,"column":10},"end":{"line":79,"column":4}}]},"8":{"loc":{"start":{"line":82,"column":8},"end":{"line":82,"column":7}},"type":"binary-expr","locations":[{"start":{"line":82,"column":8},"end":{"line":82,"column":7}},{"start":{"line":83,"column":8},"end":{"line":83,"column":7}},{"start":{"line":84,"column":8},"end":{"line":82,"column":8}}]},"9":{"loc":{"start":{"line":87,"column":15},"end":{"line":87,"column":14}},"type":"binary-expr","locations":[{"start":{"line":87,"column":15},"end":{"line":87,"column":14}},{"start":{"line":88,"column":13},"end":{"line":87,"column":11}}]},"10":{"loc":{"start":{"line":88,"column":15},"end":{"line":88,"column":14}},"type":"binary-expr","locations":[{"start":{"line":88,"column":15},"end":{"line":88,"column":14}},{"start":{"line":89,"column":15},"end":{"line":88,"column":13}}]},"11":{"loc":{"start":{"line":91,"column":15},"end":{"line":91,"column":14}},"type":"binary-expr","locations":[{"start":{"line":91,"column":15},"end":{"line":91,"column":14}},{"start":{"line":92,"column":15},"end":{"line":91,"column":11}}]},"12":{"loc":{"start":{"line":94,"column":15},"end":{"line":94,"column":14}},"type":"binary-expr","locations":[{"start":{"line":94,"column":15},"end":{"line":94,"column":14}},{"start":{"line":95,"column":15},"end":{"line":94,"column":11}}]},"13":{"loc":{"start":{"line":98,"column":15},"end":{"line":98,"column":14}},"type":"binary-expr","locations":[{"start":{"line":98,"column":15},"end":{"line":98,"column":14}},{"start":{"line":99,"column":15},"end":{"line":98,"column":11}}]},"14":{"loc":{"start":{"line":101,"column":15},"end":{"line":101,"column":14}},"type":"binary-expr","locations":[{"start":{"line":101,"column":15},"end":{"line":101,"column":14}},{"start":{"line":102,"column":15},"end":{"line":101,"column":11}}]},"15":{"loc":{"start":{"line":105,"column":15},"end":{"line":105,"column":14}},"type":"binary-expr","locations":[{"start":{"line":105,"column":15},"end":{"line":105,"column":14}},{"start":{"line":106,"column":15},"end":{"line":106,"column":14}},{"start":{"line":107,"column":15},"end":{"line":105,"column":15}}]},"16":{"loc":{"start":{"line":132,"column":28},"end":{"line":132,"column":27}},"type":"binary-expr","locations":[{"start":{"line":132,"column":28},"end":{"line":132,"column":27}},{"start":{"line":133,"column":7},"end":{"line":133,"column":6}},{"start":{"line":133,"column":38},"end":{"line":132,"column":4}}]}},"s":{"0":0,"1":0,"2":0,"3":0,"4":0,"5":0,"6":0,"7":0,"8":0,"9":0,"10":0,"11":0,"12":0,"13":0,"14":0,"15":0},"f":{"0":0,"1":0,"2":0,"3":0,"4":0},"b":{"0":[0,0],"1":[0,0],"2":[0,0],"3":[0,0],"4":[0,0],"5":[0,0],"6":[0,0],"7":[0,0],"8":[0,0,0],"9":[0,0],"10":[0,0],"11":[0,0],"12":[0,0],"13":[0,0],"14":[0,0],"15":[0,0,0],"16":[0,0,0]}}
,"/media/data/Repositories/mure-library/src/Operations/Common/AttributeOption.js": {"path":"/media/data/Repositories/mure-library/src/Operations/Common/AttributeOption.js","statementMap":{"0":{"start":{"line":17,"column":21},"end":{"line":17,"column":4}}},"fnMap":{"0":{"name":"(anonymous_234)","decl":{"start":{"line":6,"column":43},"end":{"line":6,"column":50}},"loc":{"start":{"line":6,"column":51},"end":{"line":6,"column":6}}},"1":{"name":"(anonymous_236)","decl":{"start":{"line":12,"column":48},"end":{"line":12,"column":55}},"loc":{"start":{"line":12,"column":56},"end":{"line":12,"column":23}}}},"branchMap":{"0":{"loc":{"start":{"line":16,"column":54},"end":{"line":16,"column":23}},"type":"default-arg","locations":[{"start":{"line":16,"column":54},"end":{"line":16,"column":23}}]}},"s":{"0":0},"f":{"0":0,"1":0},"b":{"0":[0]}}
,"/media/data/Repositories/mure-library/src/Operations/Common/BaseOperation.js": {"path":"/media/data/Repositories/mure-library/src/Operations/Common/BaseOperation.js","statementMap":{"0":{"start":{"line":12,"column":19},"end":{"line":12,"column":4}},"1":{"start":{"line":30,"column":23},"end":{"line":30,"column":4}},"2":{"start":{"line":39,"column":18},"end":{"line":39,"column":4}},"3":{"start":{"line":40,"column":45},"end":{"line":40,"column":11}},"4":{"start":{"line":43,"column":23},"end":{"line":43,"column":4}},"5":{"start":{"line":44,"column":18},"end":{"line":44,"column":4}},"6":{"start":{"line":45,"column":33},"end":{"line":45,"column":4}},"7":{"start":{"line":52,"column":53},"end":{"line":52,"column":13}},"8":{"start":{"line":54,"column":52},"end":{"line":54,"column":13}},"9":{"start":{"line":58,"column":23},"end":{"line":58,"column":4}},"10":{"start":{"line":59,"column":18},"end":{"line":59,"column":4}},"11":{"start":{"line":60,"column":31},"end":{"line":60,"column":4}},"12":{"start":{"line":70,"column":0},"end":{"line":null,"column":-1}}},"fnMap":{"0":{"name":"(anonymous_171)","decl":{"start":{"line":31,"column":40},"end":{"line":31,"column":51}},"loc":{"start":{"line":31,"column":52},"end":{"line":31,"column":4}}},"1":{"name":"(anonymous_173)","decl":{"start":{"line":40,"column":37},"end":{"line":40,"column":44}},"loc":{"start":{"line":40,"column":45},"end":{"line":40,"column":11}}},"2":{"name":"(anonymous_175)","decl":{"start":{"line":46,"column":11},"end":{"line":46,"column":18}},"loc":{"start":{"line":46,"column":19},"end":{"line":45,"column":51}}},"3":{"name":"(anonymous_176)","decl":{"start":{"line":52,"column":39},"end":{"line":52,"column":52}},"loc":{"start":{"line":52,"column":53},"end":{"line":52,"column":13}}},"4":{"name":"(anonymous_177)","decl":{"start":{"line":54,"column":38},"end":{"line":54,"column":51}},"loc":{"start":{"line":54,"column":52},"end":{"line":54,"column":13}}},"5":{"name":"(anonymous_179)","decl":{"start":{"line":60,"column":56},"end":{"line":60,"column":63}},"loc":{"start":{"line":60,"column":64},"end":{"line":60,"column":31}}}},"branchMap":{"0":{"loc":{"start":{"line":24,"column":11},"end":{"line":24,"column":18}},"type":"binary-expr","locations":[{"start":{"line":24,"column":11},"end":{"line":24,"column":18}},{"start":{"line":24,"column":19},"end":{"line":24,"column":4}}]},"1":{"loc":{"start":{"line":32,"column":10},"end":{"line":32,"column":21}},"type":"binary-expr","locations":[{"start":{"line":32,"column":10},"end":{"line":32,"column":21}},{"start":{"line":32,"column":22},"end":{"line":32,"column":6}}]},"2":{"loc":{"start":{"line":47,"column":15},"end":{"line":47,"column":49}},"type":"binary-expr","locations":[{"start":{"line":47,"column":15},"end":{"line":47,"column":49}},{"start":{"line":47,"column":50},"end":{"line":47,"column":8}}]}},"s":{"0":0,"1":0,"2":0,"3":0,"4":0,"5":0,"6":0,"7":0,"8":0,"9":0,"10":0,"11":0,"12":1},"f":{"0":0,"1":0,"2":0,"3":0,"4":0,"5":0},"b":{"0":[0,0],"1":[0,0],"2":[0,0]}}
,"/media/data/Repositories/mure-library/src/Operations/Common/ClassOption.js": {"path":"/media/data/Repositories/mure-library/src/Operations/Common/ClassOption.js","statementMap":{"0":{"start":{"line":5,"column":18},"end":{"line":5,"column":4}}},"fnMap":{"0":{"name":"(anonymous_195)","decl":{"start":{"line":9,"column":29},"end":{"line":9,"column":36}},"loc":{"start":{"line":9,"column":37},"end":{"line":9,"column":4}}},"1":{"name":"(anonymous_196)","decl":{"start":{"line":11,"column":15},"end":{"line":11,"column":27}},"loc":{"start":{"line":11,"column":28},"end":{"line":9,"column":4}}},"2":{"name":"(anonymous_197)","decl":{"start":{"line":12,"column":24},"end":{"line":12,"column":36}},"loc":{"start":{"line":12,"column":37},"end":{"line":12,"column":6}}}},"branchMap":{"0":{"loc":{"start":{"line":4,"column":40},"end":{"line":4,"column":23}},"type":"default-arg","locations":[{"start":{"line":4,"column":40},"end":{"line":4,"column":23}}]},"1":{"loc":{"start":{"line":10,"column":31},"end":{"line":10,"column":13}},"type":"cond-expr","locations":[{"start":{"line":10,"column":31},"end":{"line":10,"column":13}},{"start":{"line":10,"column":51},"end":{"line":10,"column":6}}]}},"s":{"0":0},"f":{"0":0,"1":0,"2":0},"b":{"0":[0],"1":[0,0]}}
,"/media/data/Repositories/mure-library/src/Operations/Common/ContextualOption.js": {"path":"/media/data/Repositories/mure-library/src/Operations/Common/ContextualOption.js","statementMap":{},"fnMap":{"0":{"name":"(anonymous_181)","decl":{"start":{"line":11,"column":42},"end":{"line":11,"column":51}},"loc":{"start":{"line":11,"column":52},"end":{"line":11,"column":4}}}},"branchMap":{"0":{"loc":{"start":{"line":5,"column":56},"end":{"line":5,"column":15}},"type":"default-arg","locations":[{"start":{"line":5,"column":56},"end":{"line":5,"column":15}}]},"1":{"loc":{"start":{"line":5,"column":76},"end":{"line":5,"column":15}},"type":"default-arg","locations":[{"start":{"line":5,"column":76},"end":{"line":5,"column":15}}]}},"s":{},"f":{"0":0},"b":{"0":[0],"1":[0]}}
,"/media/data/Repositories/mure-library/src/Operations/Common/InputOption.js": {"path":"/media/data/Repositories/mure-library/src/Operations/Common/InputOption.js","statementMap":{"0":{"start":{"line":34,"column":0},"end":{"line":null,"column":-1}}},"fnMap":{},"branchMap":{"0":{"loc":{"start":{"line":6,"column":19},"end":{"line":4,"column":15}},"type":"default-arg","locations":[{"start":{"line":6,"column":19},"end":{"line":4,"column":15}}]},"1":{"loc":{"start":{"line":7,"column":14},"end":{"line":4,"column":15}},"type":"default-arg","locations":[{"start":{"line":7,"column":14},"end":{"line":4,"column":15}}]},"2":{"loc":{"start":{"line":8,"column":16},"end":{"line":null,"column":-1}},"type":"default-arg","locations":[{"start":{"line":8,"column":16},"end":{"line":null,"column":-1}}]}},"s":{"0":1},"f":{},"b":{"0":[0],"1":[0],"2":[0]}}
,"/media/data/Repositories/mure-library/src/Operations/Common/InputSpec.js": {"path":"/media/data/Repositories/mure-library/src/Operations/Common/InputSpec.js","statementMap":{"0":{"start":{"line":12,"column":23},"end":{"line":11,"column":27}}},"fnMap":{"0":{"name":"(anonymous_150)","decl":{"start":{"line":9,"column":55},"end":{"line":9,"column":64}},"loc":{"start":{"line":9,"column":65},"end":{"line":9,"column":23}}},"1":{"name":"(anonymous_151)","decl":{"start":{"line":12,"column":15},"end":{"line":12,"column":22}},"loc":{"start":{"line":12,"column":23},"end":{"line":11,"column":27}}}},"branchMap":{},"s":{"0":0},"f":{"0":0,"1":0},"b":{}}
,"/media/data/Repositories/mure-library/src/Operations/Common/NestedAttributeOption.js": {"path":"/media/data/Repositories/mure-library/src/Operations/Common/NestedAttributeOption.js","statementMap":{"0":{"start":{"line":9,"column":21},"end":{"line":9,"column":4}},"1":{"start":{"line":13,"column":21},"end":{"line":13,"column":4}},"2":{"start":{"line":15,"column":19},"end":{"line":15,"column":6}},"3":{"start":{"line":16,"column":23},"end":{"line":16,"column":6}},"4":{"start":{"line":19,"column":13},"end":{"line":14,"column":46}},"5":{"start":{"line":20,"column":25},"end":{"line":20,"column":8}}},"fnMap":{},"branchMap":{"0":{"loc":{"start":{"line":8,"column":54},"end":{"line":8,"column":23}},"type":"default-arg","locations":[{"start":{"line":8,"column":54},"end":{"line":8,"column":23}}]},"1":{"loc":{"start":{"line":19,"column":13},"end":{"line":14,"column":46}},"type":"if","locations":[{"start":{"line":19,"column":13},"end":{"line":14,"column":46}},{"start":{"line":19,"column":13},"end":{"line":14,"column":46}}]},"2":{"loc":{"start":{"line":20,"column":43},"end":{"line":20,"column":25}},"type":"cond-expr","locations":[{"start":{"line":20,"column":43},"end":{"line":20,"column":25}},{"start":{"line":21,"column":12},"end":{"line":20,"column":8}}]},"3":{"loc":{"start":{"line":21,"column":31},"end":{"line":21,"column":12}},"type":"cond-expr","locations":[{"start":{"line":21,"column":31},"end":{"line":21,"column":12}},{"start":{"line":21,"column":52},"end":{"line":20,"column":8}}]}},"s":{"0":0,"1":0,"2":0,"3":0,"4":0,"5":0},"f":{},"b":{"0":[0],"1":[0,0],"2":[0,0],"3":[0,0]}}
,"/media/data/Repositories/mure-library/src/Operations/Common/OutputSpec.js": {"path":"/media/data/Repositories/mure-library/src/Operations/Common/OutputSpec.js","statementMap":{"0":{"start":{"line":18,"column":0},"end":{"line":null,"column":-1}},"1":{"start":{"line":19,"column":21},"end":{"line":19,"column":2}},"2":{"start":{"line":20,"column":21},"end":{"line":20,"column":2}},"3":{"start":{"line":21,"column":17},"end":{"line":21,"column":2}}},"fnMap":{"0":{"name":"(anonymous_160)","decl":{"start":{"line":18,"column":19},"end":{"line":18,"column":30}},"loc":{"start":{"line":18,"column":31},"end":{"line":18,"column":0}}},"1":{"name":"(anonymous_161)","decl":{"start":{"line":22,"column":19},"end":{"line":22,"column":26}},"loc":{"start":{"line":22,"column":27},"end":{"line":22,"column":2}}},"2":{"name":"(anonymous_162)","decl":{"start":{"line":24,"column":32},"end":{"line":24,"column":43}},"loc":{"start":{"line":24,"column":44},"end":{"line":24,"column":6}}},"3":{"name":"(anonymous_163)","decl":{"start":{"line":28,"column":45},"end":{"line":28,"column":51}},"loc":{"start":{"line":28,"column":52},"end":{"line":28,"column":4}}},"4":{"name":"(anonymous_164)","decl":{"start":{"line":31,"column":42},"end":{"line":31,"column":43}},"loc":{"start":{"line":31,"column":64},"end":{"line":31,"column":4}}}},"branchMap":{"0":{"loc":{"start":{"line":2,"column":75},"end":{"line":2,"column":2}},"type":"default-arg","locations":[{"start":{"line":2,"column":75},"end":{"line":2,"column":2}}]},"1":{"loc":{"start":{"line":2,"column":32},"end":{"line":2,"column":15}},"type":"default-arg","locations":[{"start":{"line":2,"column":32},"end":{"line":2,"column":15}}]},"2":{"loc":{"start":{"line":2,"column":53},"end":{"line":2,"column":15}},"type":"default-arg","locations":[{"start":{"line":2,"column":53},"end":{"line":2,"column":15}}]},"3":{"loc":{"start":{"line":2,"column":68},"end":{"line":2,"column":15}},"type":"default-arg","locations":[{"start":{"line":2,"column":68},"end":{"line":2,"column":15}}]},"4":{"loc":{"start":{"line":8,"column":25},"end":{"line":8,"column":24}},"type":"binary-expr","locations":[{"start":{"line":8,"column":25},"end":{"line":8,"column":24}},{"start":{"line":8,"column":46},"end":{"line":8,"column":24}}]},"5":{"loc":{"start":{"line":14,"column":29},"end":{"line":14,"column":54}},"type":"binary-expr","locations":[{"start":{"line":14,"column":29},"end":{"line":14,"column":54}},{"start":{"line":14,"column":55},"end":{"line":14,"column":4}}]},"6":{"loc":{"start":{"line":32,"column":26},"end":{"line":32,"column":46}},"type":"binary-expr","locations":[{"start":{"line":32,"column":26},"end":{"line":32,"column":46}},{"start":{"line":32,"column":47},"end":{"line":32,"column":6}}]},"7":{"loc":{"start":{"line":38,"column":44},"end":{"line":38,"column":18}},"type":"cond-expr","locations":[{"start":{"line":38,"column":44},"end":{"line":38,"column":18}},{"start":{"line":38,"column":59},"end":{"line":37,"column":24}}]}},"s":{"0":1,"1":0,"2":0,"3":0},"f":{"0":0,"1":0,"2":0,"3":0,"4":0},"b":{"0":[0],"1":[0],"2":[0],"3":[0],"4":[0,0],"5":[0,0],"6":[0,0],"7":[0,0]}}
,"/media/data/Repositories/mure-library/src/Operations/Common/StringOption.js": {"path":"/media/data/Repositories/mure-library/src/Operations/Common/StringOption.js","statementMap":{},"fnMap":{"0":{"name":"(anonymous_193)","decl":{"start":{"line":5,"column":25},"end":{"line":5,"column":34}},"loc":{"start":{"line":5,"column":35},"end":{"line":5,"column":4}}}},"branchMap":{},"s":{},"f":{"0":0},"b":{}}
,"/media/data/Repositories/mure-library/src/Operations/Common/TypedOption.js": {"path":"/media/data/Repositories/mure-library/src/Operations/Common/TypedOption.js","statementMap":{"0":{"start":{"line":22,"column":23},"end":{"line":22,"column":4}},"1":{"start":{"line":23,"column":25},"end":{"line":23,"column":4}}},"fnMap":{"0":{"name":"(anonymous_231)","decl":{"start":{"line":25,"column":27},"end":{"line":25,"column":36}},"loc":{"start":{"line":25,"column":37},"end":{"line":25,"column":6}}},"1":{"name":"(anonymous_232)","decl":{"start":{"line":29,"column":33},"end":{"line":29,"column":40}},"loc":{"start":{"line":29,"column":41},"end":{"line":29,"column":4}}}},"branchMap":{"0":{"loc":{"start":{"line":9,"column":17},"end":{"line":5,"column":15}},"type":"default-arg","locations":[{"start":{"line":9,"column":17},"end":{"line":5,"column":15}}]},"1":{"loc":{"start":{"line":10,"column":21},"end":{"line":null,"column":-1}},"type":"default-arg","locations":[{"start":{"line":10,"column":21},"end":{"line":null,"column":-1}}]},"2":{"loc":{"start":{"line":21,"column":54},"end":{"line":21,"column":23}},"type":"default-arg","locations":[{"start":{"line":21,"column":54},"end":{"line":21,"column":23}}]},"3":{"loc":{"start":{"line":33,"column":10},"end":{"line":33,"column":9}},"type":"binary-expr","locations":[{"start":{"line":33,"column":10},"end":{"line":33,"column":9}},{"start":{"line":33,"column":33},"end":{"line":33,"column":10}},{"start":{"line":33,"column":45},"end":{"line":33,"column":6}}]}},"s":{"0":0,"1":0},"f":{"0":0,"1":0},"b":{"0":[0],"1":[0],"2":[0],"3":[0,0,0]}}
,"/media/data/Repositories/mure-library/src/Operations/Conversions/BaseConversion.js": {"path":"/media/data/Repositories/mure-library/src/Operations/Conversions/BaseConversion.js","statementMap":{"0":{"start":{"line":46,"column":0},"end":{"line":null,"column":-1}}},"fnMap":{"0":{"name":"(anonymous_206)","decl":{"start":{"line":9,"column":26},"end":{"line":9,"column":33}},"loc":{"start":{"line":9,"column":34},"end":{"line":9,"column":4}}},"1":{"name":"(anonymous_207)","decl":{"start":{"line":11,"column":25},"end":{"line":11,"column":32}},"loc":{"start":{"line":11,"column":33},"end":{"line":11,"column":4}}}},"branchMap":{"0":{"loc":{"start":{"line":4,"column":51},"end":{"line":4,"column":15}},"type":"default-arg","locations":[{"start":{"line":4,"column":51},"end":{"line":4,"column":15}}]},"1":{"loc":{"start":{"line":4,"column":70},"end":{"line":4,"column":15}},"type":"default-arg","locations":[{"start":{"line":4,"column":70},"end":{"line":4,"column":15}}]},"2":{"loc":{"start":{"line":14,"column":11},"end":{"line":14,"column":43}},"type":"binary-expr","locations":[{"start":{"line":14,"column":11},"end":{"line":14,"column":43}},{"start":{"line":14,"column":44},"end":{"line":14,"column":4}}]}},"s":{"0":1},"f":{"0":29,"1":1},"b":{"0":[0],"1":[2],"2":[0,0]}}
,"/media/data/Repositories/mure-library/src/Wrappers/BaseWrapper.js": {"path":"/media/data/Repositories/mure-library/src/Wrappers/BaseWrapper.js","statementMap":{"0":{"start":{"line":34,"column":0},"end":{"line":null,"column":-1}},"1":{"start":{"line":39,"column":0},"end":{"line":null,"column":-1}},"2":{"start":{"line":42,"column":0},"end":{"line":null,"column":-1}},"3":{"start":{"line":46,"column":0},"end":{"line":null,"column":-1}},"4":{"start":{"line":46,"column":34},"end":{"line":46,"column":0}}},"fnMap":{"0":{"name":"(anonymous_54)","decl":{"start":{"line":39,"column":34},"end":{"line":39,"column":39}},"loc":{"start":{"line":39,"column":40},"end":{"line":39,"column":0}}},"1":{"name":"(anonymous_55)","decl":{"start":{"line":42,"column":26},"end":{"line":42,"column":27}},"loc":{"start":{"line":42,"column":41},"end":{"line":42,"column":0}}},"2":{"name":"(anonymous_56)","decl":{"start":{"line":46,"column":25},"end":{"line":46,"column":33}},"loc":{"start":{"line":46,"column":34},"end":{"line":46,"column":0}}}},"branchMap":{"0":{"loc":{"start":{"line":30,"column":11},"end":{"line":30,"column":10}},"type":"binary-expr","locations":[{"start":{"line":30,"column":11},"end":{"line":30,"column":10}},{"start":{"line":31,"column":6},"end":{"line":30,"column":4}}]}},"s":{"0":1,"1":1,"2":1,"3":1,"4":0},"f":{"0":0,"1":0,"2":0},"b":{"0":[0,0]}}
[...]
ne":47,"column":13},"end":{"line":47,"column":2}}},"fnMap":{"0":{"name":"(anonymous_125)","decl":{"start":{"line":19,"column":14},"end":{"line":19,"column":15}},"loc":{"start":{"line":19,"column":42},"end":{"line":18,"column":11}}},"1":{"name":"(anonymous_126)","decl":{"start":{"line":22,"column":13},"end":{"line":22,"column":14}},"loc":{"start":{"line":22,"column":41},"end":{"line":18,"column":11}}},"2":{"name":"(anonymous_129)","decl":{"start":{"line":31,"column":32},"end":{"line":31,"column":44}},"loc":{"start":{"line":31,"column":45},"end":{"line":31,"column":0}}},"3":{"name":"(anonymous_130)","decl":{"start":{"line":36,"column":34},"end":{"line":36,"column":39}},"loc":{"start":{"line":36,"column":40},"end":{"line":36,"column":0}}},"4":{"name":"(anonymous_131)","decl":{"start":{"line":39,"column":26},"end":{"line":39,"column":27}},"loc":{"start":{"line":39,"column":70},"end":{"line":39,"column":0}}},"5":{"name":"(anonymous_132)","decl":{"start":{"line":46,"column":25},"end":{"line":46,"column":36}},"loc":{"start":{"line":46,"column":37},"end":{"line":46,"column":0}}},"6":{"name":"(anonymous_133)","decl":{"start":{"line":49,"column":19},"end":{"line":49,"column":33}},"loc":{"start":{"line":49,"column":34},"end":{"line":49,"column":2}}},"7":{"name":"(anonymous_134)","decl":{"start":{"line":50,"column":53},"end":{"line":50,"column":54}},"loc":{"start":{"line":50,"column":81},"end":{"line":50,"column":4}}},"8":{"name":"(anonymous_135)","decl":{"start":{"line":52,"column":38},"end":{"line":52,"column":50}},"loc":{"start":{"line":52,"column":51},"end":{"line":52,"column":6}}}},"branchMap":{"0":{"loc":{"start":{"line":10,"column":30},"end":{"line":10,"column":2}},"type":"default-arg","locations":[{"start":{"line":10,"column":30},"end":{"line":10,"column":2}}]},"1":{"loc":{"start":{"line":13,"column":32},"end":{"line":13,"column":60}},"type":"binary-expr","locations":[{"start":{"line":13,"column":32},"end":{"line":13,"column":60}},{"start":{"line":13,"column":61},"end":{"line":13,"column":4}}]},"2":{"loc":{"start":{"line":14,"column":43},"end":{"line":14,"column":82}},"type":"binary-expr","locations":[{"start":{"line":14,"column":43},"end":{"line":14,"column":82}},{"start":{"line":14,"column":83},"end":{"line":14,"column":4}}]},"3":{"loc":{"start":{"line":17,"column":35},"end":{"line":17,"column":2}},"type":"default-arg","locations":[{"start":{"line":17,"column":35},"end":{"line":17,"column":2}}]},"4":{"loc":{"start":{"line":21,"column":15},"end":{"line":21,"column":14}},"type":"binary-expr","locations":[{"start":{"line":21,"column":15},"end":{"line":21,"column":14}},{"start":{"line":21,"column":37},"end":{"line":21,"column":8}}]},"5":{"loc":{"start":{"line":24,"column":32},"end":{"line":24,"column":2}},"type":"default-arg","locations":[{"start":{"line":24,"column":32},"end":{"line":24,"column":2}}]},"6":{"loc":{"start":{"line":27,"column":36},"end":{"line":27,"column":2}},"type":"default-arg","locations":[{"start":{"line":27,"column":36},"end":{"line":27,"column":2}}]},"7":{"loc":{"start":{"line":32,"column":34},"end":{"line":32,"column":9}},"type":"cond-expr","locations":[{"start":{"line":32,"column":34},"end":{"line":32,"column":9}},{"start":{"line":33,"column":6},"end":{"line":32,"column":2}}]},"8":{"loc":{"start":{"line":33,"column":31},"end":{"line":33,"column":6}},"type":"cond-expr","locations":[{"start":{"line":33,"column":31},"end":{"line":33,"column":6}},{"start":{"line":34,"column":8},"end":{"line":32,"column":2}}]},"9":{"loc":{"start":{"line":43,"column":17},"end":{"line":43,"column":16}},"type":"binary-expr","locations":[{"start":{"line":43,"column":17},"end":{"line":43,"column":16}},{"start":{"line":43,"column":33},"end":{"line":43,"column":2}}]},"10":{"loc":{"start":{"line":51,"column":30},"end":{"line":51,"column":60}},"type":"binary-expr","locations":[{"start":{"line":51,"column":30},"end":{"line":51,"column":60}},{"start":{"line":51,"column":61},"end":{"line":51,"column":6}}]},"11":{"loc":{"start":{"line":53,"column":49},"end":{"line":53,"column":90}},"type":"binary-expr","locations":[{"start":{"line":53,"column":49},"end":{"line":53,"column":90}},{"start":{"line":53,"column":91},"end":{"line":53,"column":8}}]}},"s":{"0":0,"1":0,"2":1,"3":1,"4":1,"5":1,"6":0},"f":{"0":0,"1":0,"2":0,"3":0,"4":0,"5":0,"6":0,"7":0,"8":0},"b":{"0":[0],"1":[0,0],"2":[0,0],"3":[0],"4":[0,0],"5":[0],"6":[0],"7":[0,0],"8":[0,0],"9":[0,0],"10":[0,0],"11":[0,0]}}
,"/media/data/Repositories/mure-library/src/Wrappers/GenericWrapper.js": {"path":"/media/data/Repositories/mure-library/src/Wrappers/GenericWrapper.js","statementMap":{"0":{"start":{"line":16,"column":22},"end":{"line":16,"column":4}},"1":{"start":{"line":29,"column":19},"end":{"line":29,"column":6}},"2":{"start":{"line":37,"column":0},"end":{"line":null,"column":-1}},"3":{"start":{"line":40,"column":0},"end":{"line":null,"column":-1}},"4":{"start":{"line":47,"column":17},"end":{"line":47,"column":4}}},"fnMap":{"0":{"name":"(anonymous_111)","decl":{"start":{"line":28,"column":48},"end":{"line":28,"column":49}},"loc":{"start":{"line":28,"column":64},"end":{"line":28,"column":11}}},"1":{"name":"(anonymous_112)","decl":{"start":{"line":37,"column":37},"end":{"line":37,"column":42}},"loc":{"start":{"line":37,"column":43},"end":{"line":37,"column":0}}},"2":{"name":"(anonymous_113)","decl":{"start":{"line":40,"column":29},"end":{"line":40,"column":30}},"loc":{"start":{"line":40,"column":73},"end":{"line":40,"column":0}}},"3":{"name":"(anonymous_114)","decl":{"start":{"line":46,"column":35},"end":{"line":46,"column":43}},"loc":{"start":{"line":46,"column":44},"end":{"line":46,"column":2}}}},"branchMap":{"0":{"loc":{"start":{"line":25,"column":8},"end":{"line":25,"column":7}},"type":"binary-expr","locations":[{"start":{"line":25,"column":8},"end":{"line":25,"column":7}},{"start":{"line":25,"column":23},"end":{"line":25,"column":4}}]},"1":{"loc":{"start":{"line":44,"column":16},"end":{"line":44,"column":15}},"type":"binary-expr","locations":[{"start":{"line":44,"column":16},"end":{"line":44,"column":15}},{"start":{"line":44,"column":31},"end":{"line":44,"column":2}}]},"2":{"loc":{"start":{"line":54,"column":36},"end":{"line":54,"column":66}},"type":"binary-expr","locations":[{"start":{"line":54,"column":36},"end":{"line":54,"column":66}},{"start":{"line":54,"column":67},"end":{"line":54,"column":6}}]}},"s":{"0":0,"1":0,"2":1,"3":1,"4":0},"f":{"0":0,"1":0,"2":0,"3":0},"b":{"0":[0,0],"1":[0,0],"2":[0,0]}}
,"/media/data/Repositories/mure-library/src/Wrappers/InvalidWrapper.js": {"path":"/media/data/Repositories/mure-library/src/Wrappers/InvalidWrapper.js","statementMap":{"0":{"start":{"line":12,"column":17},"end":{"line":12,"column":6}},"1":{"start":{"line":15,"column":25},"end":{"line":15,"column":4}},"2":{"start":{"line":16,"column":27},"end":{"line":16,"column":4}},"3":{"start":{"line":31,"column":0},"end":{"line":null,"column":-1}},"4":{"start":{"line":32,"column":0},"end":{"line":null,"column":-1}},"5":{"start":{"line":32,"column":37},"end":{"line":32,"column":0}}},"fnMap":{"0":{"name":"(anonymous_91)","decl":{"start":{"line":32,"column":28},"end":{"line":32,"column":36}},"loc":{"start":{"line":32,"column":37},"end":{"line":32,"column":0}}}},"branchMap":{"0":{"loc":{"start":{"line":15,"column":25},"end":{"line":15,"column":35}},"type":"binary-expr","locations":[{"start":{"line":15,"column":25},"end":{"line":15,"column":35}},{"start":{"line":15,"column":36},"end":{"line":15,"column":4}}]}},"s":{"0":0,"1":0,"2":0,"3":1,"4":1,"5":0},"f":{"0":0},"b":{"0":[0,0]}}
,"/media/data/Repositories/mure-library/src/Wrappers/NodeWrapper.js": {"path":"/media/data/Repositories/mure-library/src/Wrappers/NodeWrapper.js","statementMap":{"0":{"start":{"line":12,"column":18},"end":{"line":12,"column":4}},"1":{"start":{"line":21,"column":62},"end":{"line":21,"column":13}},"2":{"start":{"line":38,"column":0},"end":{"line":null,"column":-1}},"3":{"start":{"line":41,"column":0},"end":{"line":null,"column":-1}}},"fnMap":{"0":{"name":"(anonymous_139)","decl":{"start":{"line":21,"column":54},"end":{"line":21,"column":61}},"loc":{"start":{"line":21,"column":62},"end":{"line":21,"column":13}}},"1":{"name":"(anonymous_141)","decl":{"start":{"line":26,"column":14},"end":{"line":26,"column":21}},"loc":{"start":{"line":26,"column":22},"end":{"line":25,"column":11}}},"2":{"name":"(anonymous_143)","decl":{"start":{"line":38,"column":34},"end":{"line":38,"column":39}},"loc":{"start":{"line":38,"column":40},"end":{"line":38,"column":0}}},"3":{"name":"(anonymous_144)","decl":{"start":{"line":41,"column":26},"end":{"line":41,"column":27}},"loc":{"start":{"line":41,"column":70},"end":{"line":41,"column":0}}}},"branchMap":{"0":{"loc":{"start":{"line":11,"column":47},"end":{"line":11,"column":2}},"type":"default-arg","locations":[{"start":{"line":11,"column":47},"end":{"line":11,"column":2}}]},"1":{"loc":{"start":{"line":17,"column":35},"end":{"line":17,"column":2}},"type":"default-arg","locations":[{"start":{"line":17,"column":35},"end":{"line":17,"column":2}}]},"2":{"loc":{"start":{"line":24,"column":34},"end":{"line":24,"column":2}},"type":"default-arg","locations":[{"start":{"line":24,"column":34},"end":{"line":24,"column":2}}]},"3":{"loc":{"start":{"line":30,"column":15},"end":{"line":30,"column":14}},"type":"binary-expr","locations":[{"start":{"line":30,"column":15},"end":{"line":30,"column":14}},{"start":{"line":31,"column":10},"end":{"line":30,"column":8}}]},"4":{"loc":{"start":{"line":34,"column":36},"end":{"line":34,"column":2}},"type":"default-arg","locations":[{"start":{"line":34,"column":36},"end":{"line":34,"column":2}}]},"5":{"loc":{"start":{"line":45,"column":17},"end":{"line":45,"column":16}},"type":"binary-expr","locations":[{"start":{"line":45,"column":17},"end":{"line":45,"column":16}},{"start":{"line":45,"column":33},"end":{"line":45,"column":2}}]}},"s":{"0":0,"1":0,"2":1,"3":1},"f":{"0":0,"1":0,"2":0,"3":0},"b":{"0":[0],"1":[0],"2":[0],"3":[0,0],"4":[0],"5":[0,0]}}
,"/media/data/Repositories/mure-library/src/Wrappers/NullWrapper.js": {"path":"/media/data/Repositories/mure-library/src/Wrappers/NullWrapper.js","statementMap":{"0":{"start":{"line":4,"column":0},"end":{"line":null,"column":-1}},"1":{"start":{"line":5,"column":0},"end":{"line":null,"column":-1}},"2":{"start":{"line":5,"column":40},"end":{"line":5,"column":0}},"3":{"start":{"line":6,"column":0},"end":{"line":null,"column":-1}},"4":{"start":{"line":6,"column":32},"end":{"line":6,"column":0}}},"fnMap":{"0":{"name":"(anonymous_92)","decl":{"start":{"line":5,"column":34},"end":{"line":5,"column":39}},"loc":{"start":{"line":5,"column":40},"end":{"line":5,"column":0}}},"1":{"name":"(anonymous_93)","decl":{"start":{"line":6,"column":26},"end":{"line":6,"column":31}},"loc":{"start":{"line":6,"column":32},"end":{"line":6,"column":0}}}},"branchMap":{},"s":{"0":1,"1":1,"2":0,"3":1,"4":0},"f":{"0":0,"1":0},"b":{}}
,"/media/data/Repositories/mure-library/src/Wrappers/NumberWrapper.js": {"path":"/media/data/Repositories/mure-library/src/Wrappers/NumberWrapper.js","statementMap":{"0":{"start":{"line":4,"column":0},"end":{"line":null,"column":-1}},"1":{"start":{"line":5,"column":0},"end":{"line":null,"column":-1}},"2":{"start":{"line":5,"column":42},"end":{"line":5,"column":0}},"3":{"start":{"line":6,"column":0},"end":{"line":null,"column":-1}},"4":{"start":{"line":6,"column":43},"end":{"line":6,"column":0}},"5":{"start":{"line":7,"column":0},"end":{"line":null,"column":-1}}},"fnMap":{"0":{"name":"(anonymous_96)","decl":{"start":{"line":5,"column":36},"end":{"line":5,"column":41}},"loc":{"start":{"line":5,"column":42},"end":{"line":5,"column":0}}},"1":{"name":"(anonymous_97)","decl":{"start":{"line":6,"column":28},"end":{"line":6,"column":29}},"loc":{"start":{"line":6,"column":43},"end":{"line":6,"column":0}}}},"branchMap":{},"s":{"0":1,"1":1,"2":0,"3":1,"4":0,"5":1},"f":{"0":0,"1":0},"b":{}}
,"/media/data/Repositories/mure-library/src/Wrappers/ReferenceWrapper.js": {"path":"/media/data/Repositories/mure-library/src/Wrappers/ReferenceWrapper.js","statementMap":{"0":{"start":{"line":4,"column":0},"end":{"line":null,"column":-1}},"1":{"start":{"line":4,"column":45},"end":{"line":4,"column":0}}},"fnMap":{"0":{"name":"(anonymous_107)","decl":{"start":{"line":4,"column":39},"end":{"line":4,"column":44}},"loc":{"start":{"line":4,"column":45},"end":{"line":4,"column":0}}}},"branchMap":{},"s":{"0":1,"1":0},"f":{"0":0},"b":{}}
,"/media/data/Repositories/mure-library/src/Wrappers/RootWrapper.js": {"path":"/media/data/Repositories/mure-library/src/Wrappers/RootWrapper.js","statementMap":{},"fnMap":{"0":{"name":"(anonymous_58)","decl":{"start":{"line":14,"column":20},"end":{"line":14,"column":26}},"loc":{"start":{"line":14,"column":27},"end":{"line":14,"column":4}}}},"branchMap":{},"s":{},"f":{"0":0},"b":{}}
,"/media/data/Repositories/mure-library/src/Wrappers/SetWrapper.js": {"path":"/media/data/Repositories/mure-library/src/Wrappers/SetWrapper.js","statementMap":{"0":{"start":{"line":5,"column":0},"end":{"line":null,"column":-1}},"1":{"start":{"line":8,"column":0},"end":{"line":null,"column":-1}}},"fnMap":{"0":{"name":"(anonymous_120)","decl":{"start":{"line":5,"column":33},"end":{"line":5,"column":38}},"loc":{"start":{"line":5,"column":39},"end":{"line":5,"column":0}}},"1":{"name":"(anonymous_121)","decl":{"start":{"line":8,"column":25},"end":{"line":8,"column":26}},"loc":{"start":{"line":8,"column":40},"end":{"line":8,"column":0}}}},"branchMap":{"0":{"loc":{"start":{"line":10,"column":19},"end":{"line":10,"column":18}},"type":"binary-expr","locations":[{"start":{"line":10,"column":19},"end":{"line":10,"column":18}},{"start":{"line":10,"column":37},"end":{"line":10,"column":2}}]}},"s":{"0":1,"1":1},"f":{"0":0,"1":0},"b":{"0":[0,0]}}
,"/media/data/Repositories/mure-library/src/Wrappers/SetWrapperMixin.js": {"path":"/media/data/Repositories/mure-library/src/Wrappers/SetWrapperMixin.js","statementMap":{"0":{"start":{"line":1,"column":16},"end":{"line":1,"column":0}},"1":{"start":{"line":1,"column":31},"end":{"line":1,"column":0}},"2":{"start":{"line":9,"column":20},"end":{"line":9,"column":4}},"3":{"start":{"line":10,"column":19},"end":{"line":10,"column":4}}},"fnMap":{"0":{"name":"(anonymous_115)","decl":{"start":{"line":1,"column":16},"end":{"line":1,"column":14}},"loc":{"start":{"line":1,"column":31},"end":{"line":1,"column":0}}}},"branchMap":{},"s":{"0":1,"1":2,"2":0,"3":0},"f":{"0":2},"b":{}}
,"/media/data/Repositories/mure-library/src/Wrappers/StringWrapper.js": {"path":"/media/data/Repositories/mure-library/src/Wrappers/StringWrapper.js","statementMap":{"0":{"start":{"line":4,"column":0},"end":{"line":null,"column":-1}},"1":{"start":{"line":5,"column":0},"end":{"line":null,"column":-1}},"2":{"start":{"line":5,"column":42},"end":{"line":5,"column":0}},"3":{"start":{"line":6,"column":0},"end":{"line":null,"column":-1}}},"fnMap":{"0":{"name":"(anonymous_98)","decl":{"start":{"line":5,"column":36},"end":{"line":5,"column":41}},"loc":{"start":{"line":5,"column":42},"end":{"line":5,"column":0}}},"1":{"name":"(anonymous_99)","decl":{"start":{"line":6,"column":28},"end":{"line":6,"column":29}},"loc":{"start":{"line":6,"column":43},"end":{"line":6,"column":0}}}},"branchMap":{"0":{"loc":{"start":{"line":7,"column":6},"end":{"line":7,"column":21}},"type":"binary-expr","locations":[{"start":{"line":7,"column":6},"end":{"line":7,"column":21}},{"start":{"line":7,"column":22},"end":{"line":7,"column":2}}]}},"s":{"0":1,"1":1,"2":0,"3":1},"f":{"0":0,"1":0},"b":{"0":[0,0]}}
,"/media/data/Repositories/mure-library/src/Wrappers/SupernodeWrapper.js": {"path":"/media/data/Repositories/mure-library/src/Wrappers/SupernodeWrapper.js","statementMap":{"0":{"start":{"line":6,"column":0},"end":{"line":null,"column":-1}},"1":{"start":{"line":9,"column":0},"end":{"line":null,"column":-1}}},"fnMap":{"0":{"name":"(anonymous_145)","decl":{"start":{"line":6,"column":39},"end":{"line":6,"column":44}},"loc":{"start":{"line":6,"column":45},"end":{"line":6,"column":0}}},"1":{"name":"(anonymous_146)","decl":{"start":{"line":9,"column":31},"end":{"line":9,"column":32}},"loc":{"start":{"line":9,"column":75},"end":{"line":9,"column":0}}}},"branchMap":{},"s":{"0":1,"1":1},"f":{"0":0,"1":0},"b":{}}
,"/media/data/Repositories/mure-library/src/Wrappers/TypedWrapper.js": {"path":"/media/data/Repositories/mure-library/src/Wrappers/TypedWrapper.js","statementMap":{"0":{"start":{"line":12,"column":17},"end":{"line":12,"column":6}},"1":{"start":{"line":15,"column":25},"end":{"line":15,"column":4}},"2":{"start":{"line":16,"column":27},"end":{"line":16,"column":4}},"3":{"start":{"line":31,"column":23},"end":{"line":31,"column":4}},"4":{"start":{"line":40,"column":0},"end":{"line":null,"column":-1}},"5":{"start":{"line":41,"column":0},"end":{"line":null,"column":-1}}},"fnMap":{"0":{"name":"(anonymous_62)","decl":{"start":{"line":41,"column":26},"end":{"line":41,"column":35}},"loc":{"start":{"line":41,"column":43},"end":{"line":41,"column":0}}}},"branchMap":{},"s":{"0":0,"1":0,"2":0,"3":0,"4":1,"5":1},"f":{"0":0},"b":{}}
,"/media/data/Repositories/mure-library/test/basicTests.js": {"path":"/media/data/Repositories/mure-library/test/basicTests.js","statementMap":{"0":{"start":{"line":1,"column":13},"end":{"line":1,"column":43}},"1":{"start":{"line":2,"column":12},"end":{"line":2,"column":38}},"2":{"start":{"line":4,"column":0},"end":{"line":6,"column":3}},"3":{"start":{"line":5,"column":2},"end":{"line":5,"column":41}},"4":{"start":{"line":8,"column":0},"end":{"line":11,"column":3}},"5":{"start":{"line":9,"column":2},"end":{"line":9,"column":23}},"6":{"start":{"line":10,"column":2},"end":{"line":10,"column":51}},"7":{"start":{"line":13,"column":0},"end":{"line":16,"column":3}},"8":{"start":{"line":14,"column":2},"end":{"line":14,"column":23}},"9":{"start":{"line":15,"column":2},"end":{"line":15,"column":51}},"10":{"start":{"line":18,"column":0},"end":{"line":21,"column":3}},"11":{"start":{"line":19,"column":2},"end":{"line":19,"column":23}},"12":{"start":{"line":20,"column":2},"end":{"line":20,"column":63}},"13":{"start":{"line":23,"column":0},"end":{"line":26,"column":3}},"14":{"start":{"line":24,"column":2},"end":{"line":24,"column":23}},"15":{"start":{"line":25,"column":2},"end":{"line":25,"column":62}},"16":{"start":{"line":28,"column":0},"end":{"line":34,"column":3}},"17":{"start":{"line":29,"column":12},"end":{"line":29,"column":40}},"18":{"start":{"line":30,"column":2},"end":{"line":30,"column":18}},"19":{"start":{"line":31,"column":2},"end":{"line":31,"column":40}},"20":{"start":{"line":32,"column":2},"end":{"line":33,"column":108}}},"fnMap":{"0":{"name":"(anonymous_0)","decl":{"start":{"line":4,"column":22},"end":{"line":4,"column":23}},"loc":{"start":{"line":4,"column":28},"end":{"line":6,"column":1}},"line":4},"1":{"name":"(anonymous_1)","decl":{"start":{"line":8,"column":36},"end":{"line":8,"column":37}},"loc":{"start":{"line":8,"column":48},"end":{"line":11,"column":1}},"line":8},"2":{"name":"(anonymous_2)","decl":{"start":{"line":13,"column":36},"end":{"line":13,"column":37}},"loc":{"start":{"line":13,"column":48},"end":{"line":16,"column":1}},"line":13},"3":{"name":"(anonymous_3)","decl":{"start":{"line":18,"column":48},"end":{"line":18,"column":49}},"loc":{"start":{"line":18,"column":60},"end":{"line":21,"column":1}},"line":18},"4":{"name":"(anonymous_4)","decl":{"start":{"line":23,"column":47},"end":{"line":23,"column":48}},"loc":{"start":{"line":23,"column":59},"end":{"line":26,"column":1}},"line":23},"5":{"name":"(anonymous_5)","decl":{"start":{"line":28,"column":24},"end":{"line":28,"column":25}},"loc":{"start":{"line":28,"column":30},"end":{"line":34,"column":1}},"line":28}},"branchMap":{},"s":{"0":1,"1":1,"2":1,"3":1,"4":1,"5":1,"6":1,"7":1,"8":1,"9":1,"10":1,"11":1,"12":1,"13":1,"14":1,"15":1,"16":1,"17":1,"18":1,"19":1,"20":1},"f":{"0":1,"1":1,"2":1,"3":1,"4":1,"5":1},"b":{},"_coverageSchema":"332fd63041d2c1bcb487cc26dd0d5f7d97098a6c","hash":"d043fa010606dcd97506f62bdd01f6fe9fb727ff"}
}
