TN:
SF:/media/data/Repositories/mure-library/src/Mure.js
FN:112,(anonymous_281)
FN:115,(anonymous_282)
FN:125,(anonymous_283)
FN:126,(anonymous_284)
FN:131,(anonymous_285)
FN:132,(anonymous_286)
FN:136,(anonymous_287)
FN:137,(anonymous_288)
FN:141,(anonymous_289)
FN:144,(anonymous_290)
FN:159,(anonymous_295)
FN:160,(anonymous_296)
FN:166,(anonymous_297)
FN:176,(anonymous_298)
FN:180,(anonymous_299)
FN:184,(anonymous_300)
FN:189,(anonymous_301)
FN:216,(anonymous_302)
FN:230,(anonymous_304)
FN:234,(anonymous_306)
FN:296,(anonymous_311)
FN:304,(anonymous_312)
FN:315,(anonymous_313)
FN:325,(anonymous_314)
FN:345,(anonymous_316)
FN:364,(anonymous_318)
FN:366,(anonymous_319)
FNF:27
FNH:3
FNDA:6,(anonymous_281)
FNDA:0,(anonymous_282)
FNDA:0,(anonymous_283)
FNDA:0,(anonymous_284)
FNDA:0,(anonymous_285)
FNDA:0,(anonymous_286)
FNDA:0,(anonymous_287)
FNDA:0,(anonymous_288)
FNDA:0,(anonymous_289)
FNDA:0,(anonymous_290)
FNDA:1,(anonymous_295)
FNDA:1,(anonymous_296)
FNDA:0,(anonymous_297)
FNDA:0,(anonymous_298)
FNDA:0,(anonymous_299)
FNDA:0,(anonymous_300)
FNDA:0,(anonymous_301)
FNDA:0,(anonymous_302)
FNDA:0,(anonymous_304)
FNDA:0,(anonymous_306)
FNDA:0,(anonymous_311)
FNDA:0,(anonymous_312)
FNDA:0,(anonymous_313)
FNDA:0,(anonymous_314)
FNDA:0,(anonymous_316)
FNDA:0,(anonymous_318)
FNDA:0,(anonymous_319)
DA:99,1
DA:113,6
DA:161,1
DA:162,1
DA:164,0
DA:176,0
DA:180,0
DA:184,0
DA:229,0
DA:230,0
DA:234,0
DA:238,0
DA:268,0
DA:295,0
DA:300,0
DA:301,0
DA:302,0
DA:303,0
DA:315,0
DA:325,0
DA:347,0
DA:350,0
DA:352,0
DA:364,0
DA:365,0
DA:375,0
DA:382,0
DA:383,0
DA:398,0
DA:413,0
DA:415,0
DA:420,0
DA:428,0
DA:438,0
DA:442,0
DA:452,0
DA:453,0
DA:458,0
DA:462,0
DA:470,0
DA:481,0
DA:505,0
DA:544,0
DA:562,0
LF:44
LH:4
BRDA:223,0,0,0
BRDA:255,1,0,0
BRDA:255,2,0,0
BRDA:307,3,0,0
BRDA:307,3,1,0
BRDA:343,4,0,0
BRDA:343,5,0,0
BRDA:346,6,0,0
BRDA:346,6,1,0
BRDA:363,7,0,0
BRDA:363,8,0,0
BRDA:373,9,0,0
BRDA:382,10,0,0
BRDA:382,10,1,0
BRDA:382,10,2,0
BRDA:387,11,0,0
BRDA:387,11,1,0
BRDA:388,12,0,0
BRDA:388,12,1,0
BRDA:389,13,0,0
BRDA:389,13,1,0
BRDA:411,14,0,0
BRDA:439,15,0,0
BRDA:439,15,1,0
BRDA:442,16,0,0
BRDA:442,16,1,0
BRDA:444,17,0,0
BRDA:444,17,1,0
BRDA:446,18,0,0
BRDA:446,18,1,0
BRDA:447,19,0,0
BRDA:447,19,1,0
BRDA:451,20,0,0
BRDA:454,21,0,0
BRDA:454,21,1,0
BRDA:463,22,0,0
BRDA:463,22,1,0
BRDA:471,23,0,0
BRDA:471,23,1,0
BRDA:471,23,2,0
BRDA:473,24,0,0
BRDA:473,24,1,0
BRDA:474,25,0,0
BRDA:474,25,1,0
BRDA:480,26,0,0
BRDA:486,27,0,0
BRDA:486,27,1,0
BRDA:517,28,0,0
BRDA:517,28,1,0
BRDA:517,28,2,0
BRDA:517,28,3,0
BRDA:521,29,0,0
BRDA:521,29,1,0
BRDA:562,30,0,0
BRDA:562,30,1,0
BRF:55
BRH:0
end_of_record
TN:
SF:/media/data/Repositories/mure-library/src/Selection.js
FN:12,(anonymous_2)
FN:33,(anonymous_5)
FN:35,(anonymous_6)
FN:52,(anonymous_10)
FN:96,(anonymous_12)
FN:99,(anonymous_13)
FN:121,(anonymous_14)
FN:203,(anonymous_16)
FN:225,(anonymous_17)
FN:282,(anonymous_22)
FN:337,(anonymous_23)
FN:354,(anonymous_24)
FN:378,(anonymous_25)
FN:408,(anonymous_27)
FN:415,(anonymous_28)
FN:419,(anonymous_29)
FN:425,(anonymous_30)
FN:426,(anonymous_31)
FN:441,(anonymous_32)
FN:446,(anonymous_33)
FN:452,(anonymous_34)
FN:472,(anonymous_37)
FN:473,(anonymous_38)
FN:475,(anonymous_39)
FN:485,(anonymous_40)
FN:504,(anonymous_41)
FN:506,(anonymous_42)
FN:512,(anonymous_43)
FN:513,(anonymous_44)
FN:514,(anonymous_45)
FNF:30
FNH:0
FNDA:0,(anonymous_2)
FNDA:0,(anonymous_5)
FNDA:0,(anonymous_6)
FNDA:0,(anonymous_10)
FNDA:0,(anonymous_12)
FNDA:0,(anonymous_13)
FNDA:0,(anonymous_14)
FNDA:0,(anonymous_16)
FNDA:0,(anonymous_17)
FNDA:0,(anonymous_22)
FNDA:0,(anonymous_23)
FNDA:0,(anonymous_24)
FNDA:0,(anonymous_25)
FNDA:0,(anonymous_27)
FNDA:0,(anonymous_28)
FNDA:0,(anonymous_29)
FNDA:0,(anonymous_30)
FNDA:0,(anonymous_31)
FNDA:0,(anonymous_32)
FNDA:0,(anonymous_33)
FNDA:0,(anonymous_34)
FNDA:0,(anonymous_37)
FNDA:0,(anonymous_38)
FNDA:0,(anonymous_39)
FNDA:0,(anonymous_40)
FNDA:0,(anonymous_41)
FNDA:0,(anonymous_42)
FNDA:0,(anonymous_43)
FNDA:0,(anonymous_44)
FNDA:0,(anonymous_45)
DA:5,1
DA:13,0
DA:15,0
DA:35,0
DA:52,0
DA:60,0
DA:99,0
DA:106,0
DA:107,0
DA:136,0
DA:137,0
DA:139,0
DA:140,0
DA:171,0
DA:188,0
DA:190,0
DA:194,0
DA:212,0
DA:215,0
DA:257,0
DA:270,0
DA:271,0
DA:273,0
DA:282,0
DA:318,0
DA:331,0
DA:338,0
DA:354,0
DA:375,0
DA:378,0
DA:398,0
DA:399,0
DA:411,0
DA:416,0
DA:420,0
DA:437,0
DA:442,0
DA:447,0
DA:470,0
DA:471,0
DA:483,0
DA:484,0
DA:486,0
DA:487,0
DA:502,1
DA:503,1
DA:504,1
DA:512,1
LF:48
LH:5
BRDA:8,0,0,0
BRDA:36,1,0,0
BRDA:36,1,1,0
BRDA:94,2,0,0
BRDA:94,2,1,0
BRDA:112,3,0,0
BRDA:112,3,1,0
BRDA:120,4,0,0
BRDA:120,4,1,0
BRDA:161,5,0,0
BRDA:161,5,1,0
BRDA:231,6,0,0
BRDA:231,6,1,0
BRDA:241,7,0,0
BRDA:252,8,0,0
BRDA:252,8,1,0
BRDA:252,8,2,0
BRDA:260,9,0,0
BRDA:260,9,1,0
BRDA:261,10,0,0
BRDA:261,10,1,0
BRDA:265,11,0,0
BRDA:266,12,0,0
BRDA:266,12,1,0
BRDA:285,13,0,0
BRDA:285,13,1,0
BRDA:332,14,0,0
BRDA:332,14,1,0
BRDA:338,15,0,0
BRDA:338,15,1,0
BRDA:343,16,0,0
BRDA:343,16,1,0
BRDA:356,17,0,0
BRDA:356,17,1,0
BRDA:359,18,0,0
BRDA:359,18,1,0
BRDA:364,19,0,0
BRDA:364,19,1,0
BRDA:389,20,0,0
BRDA:389,20,1,0
BRDA:394,21,0,0
BRDA:394,21,1,0
BRDA:417,22,0,0
BRDA:417,22,1,0
BRDA:427,23,0,0
BRDA:427,23,1,0
BRDA:428,24,0,0
BRDA:428,24,1,0
BRDA:443,25,0,0
BRDA:443,25,1,0
BRDA:461,26,0,0
BRDA:461,26,1,0
BRDA:477,27,0,0
BRDA:477,27,1,0
BRF:54
BRH:0
end_of_record
TN:
SF:/media/data/Repositories/mure-library/src/main.js
FN:6,(anonymous_334)
FNF:1
FNH:1
FNDA:1,(anonymous_334)
DA:4,1
DA:6,1
DA:8,1
DA:12,1
DA:13,1
LF:5
LH:5
BRF:0
BRH:0
end_of_record
TN:
SF:/media/data/Repositories/mure-library/src/Common/Introspectable.js
FNF:0
FNH:0
DA:12,1
DA:17,1
DA:19,6
DA:23,1
LF:4
LH:4
BRF:0
BRH:0
end_of_record
TN:
SF:/media/data/Repositories/mure-library/src/Operations/AssignClassOperation.js
FNF:0
FNH:0
DA:9,0
DA:10,0
DA:34,0
DA:35,0
LF:4
LH:0
BRDA:30,0,0,0
BRDA:30,0,1,0
BRF:2
BRH:0
end_of_record
TN:
SF:/media/data/Repositories/mure-library/src/Operations/AttachOperation.js
FN:134,(anonymous_264)
FN:136,(anonymous_265)
FN:141,(anonymous_266)
FN:212,(anonymous_269)
FN:213,(anonymous_270)
FN:215,(anonymous_271)
FN:216,(anonymous_272)
FN:217,(anonymous_273)
FN:267,(anonymous_274)
FN:268,(anonymous_275)
FNF:10
FNH:0
FNDA:0,(anonymous_264)
FNDA:0,(anonymous_265)
FNDA:0,(anonymous_266)
FNDA:0,(anonymous_269)
FNDA:0,(anonymous_270)
FNDA:0,(anonymous_271)
FNDA:0,(anonymous_272)
FNDA:0,(anonymous_273)
FNDA:0,(anonymous_274)
FNDA:0,(anonymous_275)
DA:9,1
DA:13,0
DA:17,0
DA:37,0
DA:59,0
DA:131,0
DA:132,0
DA:134,0
DA:136,0
DA:138,0
DA:139,0
DA:140,0
DA:172,0
DA:176,0
DA:179,0
DA:191,0
DA:211,0
DA:212,0
DA:213,0
DA:214,0
DA:215,0
DA:216,0
DA:217,0
DA:236,0
DA:261,0
LF:25
LH:1
BRDA:72,0,0,0
BRDA:72,0,1,0
BRDA:77,1,0,0
BRDA:77,1,1,0
BRDA:88,2,0,0
BRDA:88,2,1,0
BRDA:119,3,0,0
BRDA:119,3,1,0
BRDA:119,3,2,0
BRDA:119,3,3,0
BRDA:119,3,4,0
BRDA:119,3,5,0
BRDA:128,4,0,0
BRDA:128,4,1,0
BRDA:133,5,0,0
BRDA:133,5,1,0
BRDA:147,6,0,0
BRDA:147,6,1,0
BRDA:156,7,0,0
BRDA:166,8,0,0
BRDA:166,8,1,0
BRDA:176,9,0,0
BRDA:176,9,1,0
BRDA:176,9,2,0
BRDA:176,9,3,0
BRDA:179,10,0,0
BRDA:179,10,1,0
BRDA:179,10,2,0
BRDA:179,10,3,0
BRDA:181,11,0,0
BRDA:181,11,1,0
BRDA:181,11,2,0
BRDA:200,12,0,0
BRDA:212,13,0,0
BRDA:212,13,1,0
BRDA:215,14,0,0
BRDA:215,14,1,0
BRDA:222,15,0,0
BRDA:222,15,1,0
BRDA:225,16,0,0
BRDA:225,16,1,0
BRDA:229,17,0,0
BRDA:229,17,1,0
BRDA:250,18,0,0
BRDA:250,18,1,0
BRDA:253,19,0,0
BRDA:253,19,1,0
BRDA:257,20,0,0
BRDA:257,20,1,0
BRDA:269,21,0,0
BRDA:269,21,1,0
BRDA:269,21,2,0
BRF:52
BRH:0
end_of_record
TN:
SF:/media/data/Repositories/mure-library/src/Operations/ConnectOperation.js
FN:151,(anonymous_246)
FN:153,(anonymous_247)
FN:157,(anonymous_248)
FN:234,(anonymous_251)
FN:235,(anonymous_252)
FN:237,(anonymous_253)
FN:238,(anonymous_254)
FN:239,(anonymous_255)
FN:294,(anonymous_256)
FN:295,(anonymous_257)
FNF:10
FNH:0
FNDA:0,(anonymous_246)
FNDA:0,(anonymous_247)
FNDA:0,(anonymous_248)
FNDA:0,(anonymous_251)
FNDA:0,(anonymous_252)
FNDA:0,(anonymous_253)
FNDA:0,(anonymous_254)
FNDA:0,(anonymous_255)
FNDA:0,(anonymous_256)
FNDA:0,(anonymous_257)
DA:9,1
DA:13,0
DA:17,0
DA:37,0
DA:51,0
DA:61,0
DA:148,0
DA:149,0
DA:151,0
DA:153,0
DA:155,0
DA:156,0
DA:157,0
DA:192,0
DA:196,0
DA:207,0
DA:233,0
DA:234,0
DA:235,0
DA:236,0
DA:237,0
DA:238,0
DA:239,0
DA:260,0
DA:272,0
DA:288,0
DA:299,0
LF:27
LH:1
BRDA:76,0,0,0
BRDA:76,0,1,0
BRDA:81,1,0,0
BRDA:81,1,1,0
BRDA:94,2,0,0
BRDA:94,2,1,0
BRDA:136,3,0,0
BRDA:136,3,1,0
BRDA:136,3,2,0
BRDA:136,3,3,0
BRDA:136,3,4,0
BRDA:136,3,5,0
BRDA:145,4,0,0
BRDA:145,4,1,0
BRDA:150,5,0,0
BRDA:150,5,1,0
BRDA:175,6,0,0
BRDA:185,7,0,0
BRDA:185,7,1,0
BRDA:222,8,0,0
BRDA:234,9,0,0
BRDA:234,9,1,0
BRDA:237,10,0,0
BRDA:237,10,1,0
BRDA:246,11,0,0
BRDA:246,11,1,0
BRDA:249,12,0,0
BRDA:249,12,1,0
BRDA:253,13,0,0
BRDA:253,13,1,0
BRDA:272,14,0,0
BRDA:272,14,1,0
BRDA:277,15,0,0
BRDA:277,15,1,0
BRDA:280,16,0,0
BRDA:280,16,1,0
BRDA:284,17,0,0
BRDA:284,17,1,0
BRDA:296,18,0,0
BRDA:296,18,1,0
BRDA:296,18,2,0
BRF:41
BRH:0
end_of_record
TN:
SF:/media/data/Repositories/mure-library/src/Operations/ConvertOperation.js
FN:27,(anonymous_222)
FN:40,(anonymous_224)
FN:47,(anonymous_226)
FNF:3
FNH:1
FNDA:7,(anonymous_222)
FNDA:0,(anonymous_224)
FNDA:0,(anonymous_226)
DA:17,1
DA:32,0
DA:33,0
DA:55,0
DA:59,0
DA:60,0
LF:6
LH:1
BRDA:56,0,0,0
BRDA:56,0,1,0
BRF:2
BRH:0
end_of_record
TN:
SF:/media/data/Repositories/mure-library/src/Operations/FilterOperation.js
FN:75,(anonymous_203)
FN:79,(anonymous_204)
FNF:2
FNH:0
FNDA:0,(anonymous_203)
FNDA:0,(anonymous_204)
DA:7,1
DA:11,0
DA:12,0
DA:57,0
LF:4
LH:1
BRDA:43,0,0,0
BRDA:64,1,0,0
BRDA:76,2,0,0
BRDA:76,2,1,0
BRF:4
BRH:0
end_of_record
TN:
SF:/media/data/Repositories/mure-library/src/Operations/SelectAllOperation.js
FN:86,(anonymous_185)
FN:97,(anonymous_186)
FN:104,(anonymous_187)
FN:140,(anonymous_190)
FN:142,(anonymous_191)
FNF:5
FNH:0
FNDA:0,(anonymous_185)
FNDA:0,(anonymous_186)
FNDA:0,(anonymous_187)
FNDA:0,(anonymous_190)
FNDA:0,(anonymous_191)
DA:9,0
DA:10,0
DA:18,0
DA:40,0
DA:77,0
DA:78,0
DA:79,0
DA:86,0
DA:97,0
DA:104,0
DA:110,0
DA:111,0
DA:132,0
DA:135,0
DA:140,0
DA:142,0
LF:16
LH:0
BRDA:56,0,0,0
BRDA:56,0,1,0
BRDA:59,1,0,0
BRDA:59,1,1,0
BRDA:62,2,0,0
BRDA:62,2,1,0
BRDA:65,3,0,0
BRDA:65,3,1,0
BRDA:68,4,0,0
BRDA:68,4,1,0
BRDA:78,5,0,0
BRDA:78,5,1,0
BRDA:79,6,0,0
BRDA:79,6,1,0
BRDA:80,7,0,0
BRDA:80,7,1,0
BRDA:82,8,0,0
BRDA:82,8,1,0
BRDA:82,8,2,0
BRDA:87,9,0,0
BRDA:87,9,1,0
BRDA:88,10,0,0
BRDA:88,10,1,0
BRDA:91,11,0,0
BRDA:91,11,1,0
BRDA:94,12,0,0
BRDA:94,12,1,0
BRDA:98,13,0,0
BRDA:98,13,1,0
BRDA:101,14,0,0
BRDA:101,14,1,0
BRDA:105,15,0,0
BRDA:105,15,1,0
BRDA:105,15,2,0
BRDA:132,16,0,0
BRDA:132,16,1,0
BRDA:132,16,2,0
BRF:37
BRH:0
end_of_record
TN:
SF:/media/data/Repositories/mure-library/src/Operations/Common/AttributeOption.js
FN:6,(anonymous_234)
FN:12,(anonymous_236)
FNF:2
FNH:0
FNDA:0,(anonymous_234)
FNDA:0,(anonymous_236)
DA:17,0
LF:1
LH:0
BRDA:16,0,0,0
BRF:1
BRH:0
end_of_record
TN:
SF:/media/data/Repositories/mure-library/src/Operations/Common/BaseOperation.js
FN:31,(anonymous_171)
FN:40,(anonymous_173)
FN:46,(anonymous_175)
FN:52,(anonymous_176)
FN:54,(anonymous_177)
FN:60,(anonymous_179)
FNF:6
FNH:0
FNDA:0,(anonymous_171)
FNDA:0,(anonymous_173)
FNDA:0,(anonymous_175)
FNDA:0,(anonymous_176)
FNDA:0,(anonymous_177)
FNDA:0,(anonymous_179)
DA:12,0
DA:30,0
DA:39,0
DA:40,0
DA:43,0
DA:44,0
DA:45,0
DA:52,0
DA:54,0
DA:58,0
DA:59,0
DA:60,0
DA:70,1
LF:13
LH:1
BRDA:24,0,0,0
BRDA:24,0,1,0
BRDA:32,1,0,0
BRDA:32,1,1,0
BRDA:47,2,0,0
BRDA:47,2,1,0
BRF:6
BRH:0
end_of_record
TN:
SF:/media/data/Repositories/mure-library/src/Operations/Common/ClassOption.js
FN:9,(anonymous_195)
FN:11,(anonymous_196)
FN:12,(anonymous_197)
FNF:3
FNH:0
FNDA:0,(anonymous_195)
FNDA:0,(anonymous_196)
FNDA:0,(anonymous_197)
DA:5,0
LF:1
LH:0
BRDA:4,0,0,0
BRDA:10,1,0,0
BRDA:10,1,1,0
BRF:3
BRH:0
end_of_record
TN:
SF:/media/data/Repositories/mure-library/src/Operations/Common/ContextualOption.js
FN:11,(anonymous_181)
FNF:1
FNH:0
FNDA:0,(anonymous_181)
LF:0
LH:0
BRDA:5,0,0,0
BRDA:5,1,0,0
BRF:2
BRH:0
end_of_record
TN:
SF:/media/data/Repositories/mure-library/src/Operations/Common/InputOption.js
FNF:0
FNH:0
DA:34,1
LF:1
LH:1
BRDA:6,0,0,0
BRDA:7,1,0,0
BRDA:8,2,0,0
BRF:3
BRH:0
end_of_record
TN:
SF:/media/data/Repositories/mure-library/src/Operations/Common/InputSpec.js
FN:9,(anonymous_150)
FN:12,(anonymous_151)
FNF:2
FNH:0
FNDA:0,(anonymous_150)
FNDA:0,(anonymous_151)
DA:12,0
LF:1
LH:0
BRF:0
BRH:0
end_of_record
TN:
SF:/media/data/Repositories/mure-library/src/Operations/Common/NestedAttributeOption.js
FNF:0
FNH:0
DA:9,0
DA:13,0
DA:15,0
DA:16,0
DA:19,0
DA:20,0
LF:6
LH:0
BRDA:8,0,0,0
BRDA:19,1,0,0
BRDA:19,1,1,0
BRDA:20,2,0,0
BRDA:20,2,1,0
BRDA:21,3,0,0
BRDA:21,3,1,0
BRF:7
BRH:0
end_of_record
TN:
SF:/media/data/Repositories/mure-library/src/Operations/Common/OutputSpec.js
FN:18,(anonymous_160)
FN:22,(anonymous_161)
FN:24,(anonymous_162)
FN:28,(anonymous_163)
FN:31,(anonymous_164)
FNF:5
FNH:0
FNDA:0,(anonymous_160)
FNDA:0,(anonymous_161)
FNDA:0,(anonymous_162)
FNDA:0,(anonymous_163)
FNDA:0,(anonymous_164)
DA:18,1
DA:19,0
DA:20,0
DA:21,0
LF:4
LH:1
BRDA:2,0,0,0
BRDA:2,1,0,0
BRDA:2,2,0,0
BRDA:2,3,0,0
BRDA:8,4,0,0
BRDA:8,4,1,0
BRDA:14,5,0,0
BRDA:14,5,1,0
BRDA:32,6,0,0
BRDA:32,6,1,0
BRDA:38,7,0,0
BRDA:38,7,1,0
BRF:12
BRH:0
end_of_record
TN:
SF:/media/data/Repositories/mure-library/src/Operations/Common/StringOption.js
FN:5,(anonymous_193)
FNF:1
FNH:0
FNDA:0,(anonymous_193)
LF:0
LH:0
BRF:0
BRH:0
end_of_record
TN:
SF:/media/data/Repositories/mure-library/src/Operations/Common/TypedOption.js
FN:25,(anonymous_231)
FN:29,(anonymous_232)
FNF:2
FNH:0
FNDA:0,(anonymous_231)
FNDA:0,(anonymous_232)
DA:22,0
DA:23,0
LF:2
LH:0
BRDA:9,0,0,0
BRDA:10,1,0,0
BRDA:21,2,0,0
BRDA:33,3,0,0
BRDA:33,3,1,0
BRDA:33,3,2,0
BRF:6
BRH:0
end_of_record
TN:
SF:/media/data/Repositories/mure-library/src/Operations/Conversions/BaseConversion.js
FN:9,(anonymous_206)
FN:11,(anonymous_207)
FNF:2
FNH:2
FNDA:29,(anonymous_206)
FNDA:1,(anonymous_207)
DA:46,1
LF:1
LH:1
BRDA:4,0,0,0
BRDA:4,1,0,2
BRDA:14,2,0,0
BRDA:14,2,1,0
BRF:4
BRH:1
end_of_record
TN:
SF:/media/data/Repositories/mure-library/src/Wrappers/BaseWrapper.js
FN:39,(anonymous_54)
FN:42,(anonymous_55)
FN:46,(anonymous_56)
FNF:3
FNH:0
FNDA:0,(anonymous_54)
FNDA:0,(anonymous_55)
FNDA:0,(anonymous_56)
DA:34,1
DA:39,1
DA:42,1
DA:46,1
LF:4
LH:4
BRDA:30,0,0,0
BRDA:30,0,1,0
BRF:2
BRH:0
end_of_record
TN:
SF:/media/data/Repositories/mure-library/src/Wrappers/BooleanWrapper.js
FN:5,(anonymous_94)
FN:6,(anonymous_95)
FNF:2
FNH:0
FNDA:0,(anonymous_94)
FNDA:0,(anonymous_95)
DA:4,1
DA:5,1
DA:6,1
LF:3
LH:3
BRF:0
BRH:0
end_of_record
TN:
SF:/media/data/Repositories/mure-library/src/Wrappers/ContainerWrapper.js
FN:9,(anonymous_73)
FN:48,(anonymous_76)
FN:49,(anonymous_77)
FN:52,(anonymous_78)
FN:60,(anonymous_79)
FN:67,(anonymous_80)
FNF:6
FNH:0
FNDA:0,(anonymous_73)
FNDA:0,(anonymous_76)
FNDA:0,(anonymous_77)
FNDA:0,(anonymous_78)
FNDA:0,(anonymous_79)
FNDA:0,(anonymous_80)
DA:24,0
DA:25,0
DA:48,1
DA:49,1
DA:51,0
DA:60,1
DA:69,0
DA:74,0
LF:8
LH:3
BRDA:11,0,0,0
BRDA:11,0,1,0
BRDA:19,1,0,0
BRDA:19,1,1,0
BRDA:66,2,0,0
BRDA:66,2,1,0
BRF:6
BRH:0
end_of_record
TN:
SF:/media/data/Repositories/mure-library/src/Wrappers/ContainerWrapperMixin.js
FN:1,(anonymous_63)
FN:7,(anonymous_66)
FN:11,(anonymous_68)
FN:30,(anonymous_71)
FNF:4
FNH:1
FNDA:2,(anonymous_63)
FNDA:0,(anonymous_66)
FNDA:0,(anonymous_68)
FNDA:0,(anonymous_71)
DA:1,2
DA:7,0
DA:10,0
DA:13,0
DA:14,0
DA:30,0
LF:6
LH:1
BRDA:2,0,0,0
BRDA:2,1,0,0
BRDA:2,1,1,0
BRDA:5,2,0,0
BRDA:5,3,0,0
BRDA:5,3,1,0
BRDA:9,4,0,0
BRDA:9,5,0,0
BRDA:9,5,1,0
BRDA:25,6,0,0
BRDA:25,7,0,0
BRDA:25,7,1,0
BRDA:28,8,0,0
BRDA:28,9,0,0
BRDA:28,9,1,0
BRF:15
BRH:0
end_of_record
TN:
SF:/media/data/Repositories/mure-library/src/Wrappers/DateWrapper.js
FN:15,(anonymous_104)
FN:16,(anonymous_105)
FN:31,(anonymous_106)
FNF:3
FNH:0
FNDA:0,(anonymous_104)
FNDA:0,(anonymous_105)
FNDA:0,(anonymous_106)
DA:15,1
DA:16,1
DA:31,1
LF:3
LH:3
BRF:0
BRH:0
end_of_record
TN:
SF:/media/data/Repositories/mure-library/src/Wrappers/DocumentWrapper.js
FN:42,(anonymous_83)
FN:52,(anonymous_84)
FN:66,(anonymous_85)
FN:78,(anonymous_86)
FN:95,(anonymous_87)
FNF:5
FNH:0
FNDA:0,(anonymous_83)
FNDA:0,(anonymous_84)
FNDA:0,(anonymous_85)
FNDA:0,(anonymous_86)
FNDA:0,(anonymous_87)
DA:8,1
DA:18,0
DA:42,1
DA:46,0
DA:52,1
DA:66,1
DA:67,0
DA:78,1
DA:95,0
DA:96,0
LF:10
LH:5
BRDA:81,0,0,0
BRDA:84,1,0,0
BRDA:84,1,1,0
BRDA:85,2,0,0
BRDA:85,2,1,0
BRDA:97,3,0,0
BRDA:97,3,1,0
BRDA:97,4,0,0
BRDA:97,4,1,0
BRDA:98,5,0,0
BRDA:98,5,1,0
BRDA:100,6,0,0
BRDA:100,6,1,0
BRDA:108,7,0,0
BRDA:108,7,1,0
BRDA:113,8,0,0
BRDA:113,8,1,0
BRDA:116,9,0,0
BRDA:116,9,1,0
BRDA:120,10,0,0
BRDA:120,10,1,0
BRDA:121,11,0,0
BRDA:121,11,1,0
BRDA:123,12,0,0
BRDA:123,12,1,0
BRDA:126,13,0,0
BRDA:126,13,1,0
BRDA:129,14,0,0
BRDA:129,14,1,0
BRF:29
BRH:0
end_of_record
TN:
SF:/media/data/Repositories/mure-library/src/Wrappers/EdgeWrapper.js
FN:19,(anonymous_125)
FN:22,(anonymous_126)
FN:31,(anonymous_129)
FN:36,(anonymous_130)
FN:39,(anonymous_131)
FN:46,(anonymous_132)
FN:49,(anonymous_133)
FN:50,(anonymous_134)
FN:52,(anonymous_135)
FNF:9
FNH:0
FNDA:0,(anonymous_125)
FNDA:0,(anonymous_126)
FNDA:0,(anonymous_129)
FNDA:0,(anonymous_130)
FNDA:0,(anonymous_131)
FNDA:0,(anonymous_132)
FNDA:0,(anonymous_133)
FNDA:0,(anonymous_134)
FNDA:0,(anonymous_135)
DA:12,0
DA:22,0
DA:31,1
DA:36,1
DA:39,1
DA:46,1
DA:47,0
LF:7
LH:4
BRDA:10,0,0,0
BRDA:13,1,0,0
BRDA:13,1,1,0
BRDA:14,2,0,0
BRDA:14,2,1,0
BRDA:17,3,0,0
BRDA:21,4,0,0
BRDA:21,4,1,0
BRDA:24,5,0,0
BRDA:27,6,0,0
BRDA:32,7,0,0
BRDA:32,7,1,0
BRDA:33,8,0,0
BRDA:33,8,1,0
BRDA:43,9,0,0
BRDA:43,9,1,0
BRDA:51,10,0,0
BRDA:51,10,1,0
BRDA:53,11,0,0
BRDA:53,11,1,0
BRF:20
BRH:0
end_of_record
TN:
SF:/media/data/Repositories/mure-library/src/Wrappers/GenericWrapper.js
FN:28,(anonymous_111)
FN:37,(anonymous_112)
FN:40,(anonymous_113)
FN:46,(anonymous_114)
FNF:4
FNH:0
FNDA:0,(anonymous_111)
FNDA:0,(anonymous_112)
FNDA:0,(anonymous_113)
FNDA:0,(anonymous_114)
DA:16,0
DA:29,0
DA:37,1
DA:40,1
DA:47,0
LF:5
LH:2
BRDA:25,0,0,0
BRDA:25,0,1,0
BRDA:44,1,0,0
BRDA:44,1,1,0
BRDA:54,2,0,0
BRDA:54,2,1,0
BRF:6
BRH:0
end_of_record
TN:
SF:/media/data/Repositories/mure-library/src/Wrappers/InvalidWrapper.js
FN:32,(anonymous_91)
FNF:1
FNH:0
FNDA:0,(anonymous_91)
DA:12,0
DA:15,0
DA:16,0
DA:31,1
DA:32,1
LF:5
LH:2
BRDA:15,0,0,0
BRDA:15,0,1,0
BRF:2
BRH:0
end_of_record
TN:
SF:/media/data/Repositories/mure-library/src/Wrappers/NodeWrapper.js
FN:21,(anonymous_139)
FN:26,(anonymous_141)
FN:38,(anonymous_143)
FN:41,(anonymous_144)
FNF:4
FNH:0
FNDA:0,(anonymous_139)
FNDA:0,(anonymous_141)
FNDA:0,(anonymous_143)
FNDA:0,(anonymous_144)
DA:12,0
DA:21,0
DA:38,1
DA:41,1
LF:4
LH:2
BRDA:11,0,0,0
BRDA:17,1,0,0
BRDA:24,2,0,0
BRDA:30,3,0,0
BRDA:30,3,1,0
BRDA:34,4,0,0
BRDA:45,5,0,0
BRDA:45,5,1,0
BRF:8
BRH:0
end_of_record
TN:
SF:/media/data/Repositories/mure-library/src/Wrappers/NullWrapper.js
FN:5,(anonymous_92)
FN:6,(anonymous_93)
FNF:2
FNH:0
FNDA:0,(anonymous_92)
FNDA:0,(anonymous_93)
DA:4,1
DA:5,1
DA:6,1
LF:3
LH:3
BRF:0
BRH:0
end_of_record
TN:
SF:/media/data/Repositories/mure-library/src/Wrappers/NumberWrapper.js
FN:5,(anonymous_96)
FN:6,(anonymous_97)
FNF:2
FNH:0
FNDA:0,(anonymous_96)
FNDA:0,(anonymous_97)
DA:4,1
DA:5,1
DA:6,1
DA:7,1
LF:4
LH:4
BRF:0
BRH:0
end_of_record
TN:
SF:/media/data/Repositories/mure-library/src/Wrappers/ReferenceWrapper.js
FN:4,(anonymous_107)
FNF:1
FNH:0
FNDA:0,(anonymous_107)
DA:4,1
LF:1
LH:1
BRF:0
BRH:0
end_of_record
TN:
SF:/media/data/Repositories/mure-library/src/Wrappers/RootWrapper.js
FN:14,(anonymous_58)
FNF:1
FNH:0
FNDA:0,(anonymous_58)
LF:0
LH:0
BRF:0
BRH:0
end_of_record
TN:
SF:/media/data/Repositories/mure-library/src/Wrappers/SetWrapper.js
FN:5,(anonymous_120)
FN:8,(anonymous_121)
FNF:2
FNH:0
FNDA:0,(anonymous_120)
FNDA:0,(anonymous_121)
DA:5,1
DA:8,1
LF:2
LH:2
BRDA:10,0,0,0
BRDA:10,0,1,0
BRF:2
BRH:0
end_of_record
TN:
SF:/media/data/Repositories/mure-library/src/Wrappers/SetWrapperMixin.js
FN:1,(anonymous_115)
FNF:1
FNH:1
FNDA:2,(anonymous_115)
DA:1,2
DA:9,0
DA:10,0
LF:3
LH:1
BRF:0
BRH:0
end_of_record
TN:
SF:/media/data/Repositories/mure-library/src/Wrappers/StringWrapper.js
FN:5,(anonymous_98)
FN:6,(anonymous_99)
FNF:2
FNH:0
FNDA:0,(anonymous_98)
FNDA:0,(anonymous_99)
DA:4,1
DA:5,1
DA:6,1
LF:3
LH:3
BRDA:7,0,0,0
BRDA:7,0,1,0
BRF:2
BRH:0
end_of_record
TN:
SF:/media/data/Repositories/mure-library/src/Wrappers/SupernodeWrapper.js
FN:6,(anonymous_145)
FN:9,(anonymous_146)
FNF:2
FNH:0
FNDA:0,(anonymous_145)
FNDA:0,(anonymous_146)
DA:6,1
DA:9,1
LF:2
LH:2
BRF:0
BRH:0
end_of_record
TN:
SF:/media/data/Repositories/mure-library/src/Wrappers/TypedWrapper.js
FN:41,(anonymous_62)
FNF:1
FNH:0
FNDA:0,(anonymous_62)
DA:12,0
DA:15,0
DA:16,0
DA:31,0
DA:40,1
DA:41,1
LF:6
LH:2
BRF:0
BRH:0
end_of_record
TN:
SF:/media/data/Repositories/mure-library/test/basicTests.js
FN:4,(anonymous_0)
FN:8,(anonymous_1)
FN:13,(anonymous_2)
FN:18,(anonymous_3)
FN:23,(anonymous_4)
FN:28,(anonymous_5)
FNF:6
FNH:6
FNDA:1,(anonymous_0)
FNDA:1,(anonymous_1)
FNDA:1,(anonymous_2)
FNDA:1,(anonymous_3)
FNDA:1,(anonymous_4)
FNDA:1,(anonymous_5)
DA:1,1
DA:2,1
DA:4,1
DA:5,1
DA:8,1
DA:9,1
DA:10,1
DA:13,1
DA:14,1
DA:15,1
DA:18,1
DA:19,1
DA:20,1
DA:23,1
DA:24,1
DA:25,1
DA:28,1
DA:29,1
DA:30,1
DA:31,1
DA:32,1
LF:21
LH:21
BRF:0
BRH:0
end_of_record
